[ 2016-06-27T09:16:38+08:00 ] 192.168.0.66 /
INFO: [ app_init ] --START--
INFO: Run Behavior\BuildLiteBehavior [ RunTime:0.000034s ]
INFO: [ app_init ] --END-- [ RunTime:0.000887s ]
INFO: [ app_begin ] --START--
INFO: Run Behavior\ReadHtmlCacheBehavior [ RunTime:0.000894s ]
INFO: [ app_begin ] --END-- [ RunTime:0.001033s ]

[ 2016-06-27T09:16:38+08:00 ] 192.168.0.66 /index.php/Login/login.html
INFO: [ app_init ] --START--
INFO: Run Behavior\BuildLiteBehavior [ RunTime:0.000042s ]
INFO: [ app_init ] --END-- [ RunTime:0.000642s ]
INFO: [ app_begin ] --START--
INFO: Run Behavior\ReadHtmlCacheBehavior [ RunTime:0.000681s ]
INFO: [ app_begin ] --END-- [ RunTime:0.000907s ]
INFO: [ view_parse ] --START--
INFO: [ template_filter ] --START--
INFO: Run Behavior\ContentReplaceBehavior [ RunTime:0.000970s ]
INFO: [ template_filter ] --END-- [ RunTime:0.001213s ]
INFO: Run Behavior\ParseTemplateBehavior [ RunTime:0.058214s ]
INFO: [ view_parse ] --END-- [ RunTime:0.058438s ]
INFO: [ view_filter ] --START--
INFO: Run Behavior\WriteHtmlCacheBehavior [ RunTime:0.001041s ]
INFO: [ view_filter ] --END-- [ RunTime:0.001233s ]
INFO: [ app_end ] --START--
INFO: Run Behavior\ShowPageTraceBehavior [ RunTime:0.001528s ]
INFO: [ app_end ] --END-- [ RunTime:0.001736s ]

[ 2016-06-27T09:16:39+08:00 ] 192.168.0.66 /favicon.ico
INFO: [ app_init ] --START--
INFO: Run Behavior\BuildLiteBehavior [ RunTime:0.000021s ]
INFO: [ app_init ] --END-- [ RunTime:0.000346s ]

[ 2016-06-27T09:19:16+08:00 ] 192.168.0.66 /index.php/Login/loginCheck.html
INFO: [ app_init ] --START--
INFO: Run Behavior\BuildLiteBehavior [ RunTime:0.000024s ]
INFO: [ app_init ] --END-- [ RunTime:0.000463s ]
INFO: [ app_begin ] --START--
INFO: Run Behavior\ReadHtmlCacheBehavior [ RunTime:0.000454s ]
INFO: [ app_begin ] --END-- [ RunTime:0.000548s ]
SQL: SHOW COLUMNS FROM `tp_admin` [ RunTime:0.0847s ]
SQL: SELECT * FROM `tp_admin` WHERE `account` = 'admin' AND `password` = 'c3284d0f94606de1fd2af172aba15bf3' LIMIT 1   [ RunTime:0.0021s ]
SQL: SHOW COLUMNS FROM `tp_admin_login_log` [ RunTime:0.0354s ]
SQL: INSERT INTO `tp_admin_login_log` (`user_id`,`status`,`login_time`,`login_ip`) VALUES ('21','用户登录','1466990356','192.168.0.66') [ RunTime:0.0015s ]

[ 2016-06-27T09:19:16+08:00 ] 192.168.0.66 /index.php/Index/index.html
INFO: [ app_init ] --START--
INFO: Run Behavior\BuildLiteBehavior [ RunTime:0.000024s ]
INFO: [ app_init ] --END-- [ RunTime:0.000384s ]
INFO: [ app_begin ] --START--
INFO: Run Behavior\ReadHtmlCacheBehavior [ RunTime:0.000381s ]
INFO: [ app_begin ] --END-- [ RunTime:0.000494s ]
SQL: SHOW COLUMNS FROM `tp_menu_admin` [ RunTime:0.0332s ]
SQL: SELECT * FROM `tp_menu_admin` WHERE `status` = 1 ORDER BY sort asc  [ RunTime:0.0144s ]
SQL: SHOW COLUMNS FROM `tp_admin` [ RunTime:0.0042s ]
SQL: SELECT * FROM `tp_admin` WHERE `account` = 'admin' LIMIT 1   [ RunTime:0.0004s ]
INFO: [ view_parse ] --START--
INFO: [ template_filter ] --START--
INFO: Run Behavior\ContentReplaceBehavior [ RunTime:0.000088s ]
INFO: [ template_filter ] --END-- [ RunTime:0.000193s ]
INFO: Run Behavior\ParseTemplateBehavior [ RunTime:0.114248s ]
INFO: [ view_parse ] --END-- [ RunTime:0.114388s ]
INFO: [ view_filter ] --START--
INFO: Run Behavior\WriteHtmlCacheBehavior [ RunTime:0.000432s ]
INFO: [ view_filter ] --END-- [ RunTime:0.000531s ]
INFO: [ app_end ] --START--
INFO: Run Behavior\ShowPageTraceBehavior [ RunTime:0.001357s ]
INFO: [ app_end ] --END-- [ RunTime:0.001524s ]

[ 2016-06-27T09:19:16+08:00 ] 192.168.0.66 /Uploads/2016-01-06/568ccc4c2d725.jpg
INFO: [ app_init ] --START--
INFO: Run Behavior\BuildLiteBehavior [ RunTime:0.000022s ]
INFO: [ app_init ] --END-- [ RunTime:0.000327s ]

[ 2016-06-27T09:19:16+08:00 ] 192.168.0.66 /index.php/index/content.html
INFO: [ app_init ] --START--
INFO: Run Behavior\BuildLiteBehavior [ RunTime:0.000028s ]
INFO: [ app_init ] --END-- [ RunTime:0.000593s ]
INFO: [ app_begin ] --START--
INFO: Run Behavior\ReadHtmlCacheBehavior [ RunTime:0.000640s ]
INFO: [ app_begin ] --END-- [ RunTime:0.000789s ]
SQL: SHOW COLUMNS FROM `tp_menu_admin` [ RunTime:0.0026s ]
SQL: SELECT * FROM `tp_menu_admin` WHERE `status` = 1 ORDER BY sort asc  [ RunTime:0.0006s ]
SQL: SHOW COLUMNS FROM `tp_admin` [ RunTime:0.0021s ]
SQL: SELECT * FROM `tp_admin` WHERE `account` = 'admin' LIMIT 1   [ RunTime:0.0002s ]
INFO: [ view_parse ] --START--
INFO: [ template_filter ] --START--
INFO: Run Behavior\ContentReplaceBehavior [ RunTime:0.000099s ]
INFO: [ template_filter ] --END-- [ RunTime:0.000207s ]
INFO: Run Behavior\ParseTemplateBehavior [ RunTime:0.045350s ]
INFO: [ view_parse ] --END-- [ RunTime:0.045546s ]
INFO: [ view_filter ] --START--
INFO: Run Behavior\WriteHtmlCacheBehavior [ RunTime:0.000804s ]
INFO: [ view_filter ] --END-- [ RunTime:0.000991s ]
INFO: [ app_end ] --START--
INFO: Run Behavior\ShowPageTraceBehavior [ RunTime:0.000934s ]
INFO: [ app_end ] --END-- [ RunTime:0.001142s ]

[ 2016-06-27T09:28:09+08:00 ] 192.168.0.66 /index.php/Hxgroup/index.html
INFO: [ app_init ] --START--
INFO: Run Behavior\BuildLiteBehavior [ RunTime:0.000021s ]
INFO: [ app_init ] --END-- [ RunTime:0.000350s ]
INFO: [ app_begin ] --START--
INFO: Run Behavior\ReadHtmlCacheBehavior [ RunTime:0.000427s ]
INFO: [ app_begin ] --END-- [ RunTime:0.000534s ]
SQL: SHOW COLUMNS FROM `tp_menu_admin` [ RunTime:0.0024s ]
SQL: SELECT * FROM `tp_menu_admin` WHERE `status` = 1 ORDER BY sort asc  [ RunTime:0.0007s ]
SQL: SHOW COLUMNS FROM `tp_admin` [ RunTime:0.0025s ]
SQL: SELECT * FROM `tp_admin` WHERE `account` = 'admin' LIMIT 1   [ RunTime:0.0003s ]
NOTIC: [2048] Declaration of Common\Model\Group_hxModel::add() should be compatible with Think\Model::add($data = '', $options = Array, $replace = false) D:\diguo_warmpserver-2.5\exe\wamp\www\weishijiao\App\Common\Model\Group_hxModel.class.php 第 67 行.
SQL: SHOW COLUMNS FROM `tp_group_hx` [ RunTime:0.0313s ]
SQL: SHOW COLUMNS FROM `tp_group_hx` [ RunTime:0.0022s ]
SQL: SELECT COUNT(*) AS tp_count FROM `tp_group_hx` LIMIT 1   [ RunTime:0.0003s ]
NOTIC: [8] Undefined variable: Page D:\diguo_warmpserver-2.5\exe\wamp\www\weishijiao\App\Admin\Controller\HxgroupController.class.php 第 25 行.
NOTIC: [8] Trying to get property of non-object D:\diguo_warmpserver-2.5\exe\wamp\www\weishijiao\App\Admin\Controller\HxgroupController.class.php 第 25 行.
NOTIC: [8] Undefined variable: Page D:\diguo_warmpserver-2.5\exe\wamp\www\weishijiao\App\Admin\Controller\HxgroupController.class.php 第 25 行.
NOTIC: [8] Trying to get property of non-object D:\diguo_warmpserver-2.5\exe\wamp\www\weishijiao\App\Admin\Controller\HxgroupController.class.php 第 25 行.
SQL: SELECT * FROM `tp_group_hx` ORDER BY id ASC  [ RunTime:0.0003s ]
INFO: [ view_parse ] --START--
INFO: [ template_filter ] --START--
INFO: Run Behavior\ContentReplaceBehavior [ RunTime:0.000119s ]
INFO: [ template_filter ] --END-- [ RunTime:0.000229s ]
NOTIC: [8] Undefined variable: not_found D:\diguo_warmpserver-2.5\exe\wamp\www\weishijiao\App\Runtime\Cache\Admin\8de6f0afdb0f80cdab62675b273a4ebe.php 第 224 行.
INFO: Run Behavior\ParseTemplateBehavior [ RunTime:0.046806s ]
INFO: [ view_parse ] --END-- [ RunTime:0.046930s ]
INFO: [ view_filter ] --START--
INFO: Run Behavior\WriteHtmlCacheBehavior [ RunTime:0.000404s ]
INFO: [ view_filter ] --END-- [ RunTime:0.000497s ]
INFO: [ app_end ] --START--
INFO: Run Behavior\ShowPageTraceBehavior [ RunTime:0.000881s ]
INFO: [ app_end ] --END-- [ RunTime:0.001028s ]

[ 2016-06-27T15:29:31+08:00 ] 192.168.0.66 /api_files/api_files.html
INFO: [ app_init ] --START--
INFO: Run Behavior\BuildLiteBehavior [ RunTime:0.000051s ]
INFO: [ app_init ] --END-- [ RunTime:0.002823s ]
INFO: [ app_begin ] --START--
INFO: Run Behavior\ReadHtmlCacheBehavior [ RunTime:0.013238s ]
INFO: [ app_begin ] --END-- [ RunTime:0.013482s ]
ERR: 无法加载控制器:Api_files

