[ 2016-05-23T14:39:58+08:00 ] 127.0.0.1 /
INFO: [ app_init ] --START--
INFO: Run Behavior\BuildLiteBehavior [ RunTime:0.000117s ]
INFO: [ app_init ] --END-- [ RunTime:0.004266s ]
INFO: [ app_begin ] --START--
INFO: Run Behavior\ReadHtmlCacheBehavior [ RunTime:0.003370s ]
INFO: [ app_begin ] --END-- [ RunTime:0.003915s ]

[ 2016-05-23T14:39:58+08:00 ] 127.0.0.1 /index.php/Login/login.html
INFO: [ app_init ] --START--
INFO: Run Behavior\BuildLiteBehavior [ RunTime:0.000046s ]
INFO: [ app_init ] --END-- [ RunTime:0.000634s ]
INFO: [ app_begin ] --START--
INFO: Run Behavior\ReadHtmlCacheBehavior [ RunTime:0.001513s ]
INFO: [ app_begin ] --END-- [ RunTime:0.001925s ]
INFO: [ view_parse ] --START--
INFO: [ template_filter ] --START--
INFO: Run Behavior\ContentReplaceBehavior [ RunTime:0.000556s ]
INFO: [ template_filter ] --END-- [ RunTime:0.000673s ]
INFO: Run Behavior\ParseTemplateBehavior [ RunTime:0.075888s ]
INFO: [ view_parse ] --END-- [ RunTime:0.076016s ]
INFO: [ view_filter ] --START--
INFO: Run Behavior\WriteHtmlCacheBehavior [ RunTime:0.000568s ]
INFO: [ view_filter ] --END-- [ RunTime:0.000667s ]
INFO: [ app_end ] --START--
INFO: Run Behavior\ShowPageTraceBehavior [ RunTime:0.001253s ]
INFO: [ app_end ] --END-- [ RunTime:0.001413s ]

[ 2016-05-23T14:39:59+08:00 ] 127.0.0.1 /favicon.ico
INFO: [ app_init ] --START--
INFO: Run Behavior\BuildLiteBehavior [ RunTime:0.000024s ]
INFO: [ app_init ] --END-- [ RunTime:0.000366s ]

[ 2016-05-23T14:40:05+08:00 ] 127.0.0.1 /index.php/Login/loginCheck.html
INFO: [ app_init ] --START--
INFO: Run Behavior\BuildLiteBehavior [ RunTime:0.000022s ]
INFO: [ app_init ] --END-- [ RunTime:0.000297s ]
INFO: [ app_begin ] --START--
INFO: Run Behavior\ReadHtmlCacheBehavior [ RunTime:0.000387s ]
INFO: [ app_begin ] --END-- [ RunTime:0.000475s ]
ERR: SQLSTATE[HY000] [1045] Accès refusé pour l'utilisateur: 'root'@'@localhost' (mot de passe: NON)

[ 2016-05-23T14:42:36+08:00 ] 127.0.0.1 /index.php/Login/login.html
INFO: [ app_init ] --START--
INFO: Run Behavior\BuildLiteBehavior [ RunTime:0.000022s ]
INFO: [ app_init ] --END-- [ RunTime:0.000331s ]
INFO: [ app_begin ] --START--
INFO: Run Behavior\ReadHtmlCacheBehavior [ RunTime:0.000390s ]
INFO: [ app_begin ] --END-- [ RunTime:0.000492s ]
INFO: [ view_parse ] --START--
INFO: [ template_filter ] --START--
INFO: Run Behavior\ContentReplaceBehavior [ RunTime:0.000128s ]
INFO: [ template_filter ] --END-- [ RunTime:0.000300s ]
INFO: Run Behavior\ParseTemplateBehavior [ RunTime:0.006291s ]
INFO: [ view_parse ] --END-- [ RunTime:0.006406s ]
INFO: [ view_filter ] --START--
INFO: Run Behavior\WriteHtmlCacheBehavior [ RunTime:0.000286s ]
INFO: [ view_filter ] --END-- [ RunTime:0.000378s ]
INFO: [ app_end ] --START--
INFO: Run Behavior\ShowPageTraceBehavior [ RunTime:0.000476s ]
INFO: [ app_end ] --END-- [ RunTime:0.000611s ]

[ 2016-05-23T14:42:42+08:00 ] 127.0.0.1 /index.php/Login/loginCheck.html
INFO: [ app_init ] --START--
INFO: Run Behavior\BuildLiteBehavior [ RunTime:0.000027s ]
INFO: [ app_init ] --END-- [ RunTime:0.000355s ]
INFO: [ app_begin ] --START--
INFO: Run Behavior\ReadHtmlCacheBehavior [ RunTime:0.000385s ]
INFO: [ app_begin ] --END-- [ RunTime:0.000469s ]
SQL: SHOW COLUMNS FROM `tp_admin` [ RunTime:0.0118s ]
SQL: SELECT * FROM `tp_admin` WHERE `account` = 'admin' AND `password` = 'c3284d0f94606de1fd2af172aba15bf3' LIMIT 1   [ RunTime:0.0006s ]
SQL: SHOW COLUMNS FROM `tp_admin_login_log` [ RunTime:0.0025s ]
SQL: INSERT INTO `tp_admin_login_log` (`user_id`,`status`,`login_time`,`login_ip`) VALUES ('21','用户登录','1463985762','127.0.0.1') [ RunTime:0.0066s ]

[ 2016-05-23T14:42:42+08:00 ] 127.0.0.1 /index.php/Index/index.html
INFO: [ app_init ] --START--
INFO: Run Behavior\BuildLiteBehavior [ RunTime:0.000023s ]
INFO: [ app_init ] --END-- [ RunTime:0.000311s ]
INFO: [ app_begin ] --START--
INFO: Run Behavior\ReadHtmlCacheBehavior [ RunTime:0.000314s ]
INFO: [ app_begin ] --END-- [ RunTime:0.000414s ]
SQL: SHOW COLUMNS FROM `tp_menu_admin` [ RunTime:0.0020s ]
SQL: SELECT * FROM `tp_menu_admin` WHERE `status` = 1 ORDER BY sort asc  [ RunTime:0.0047s ]
SQL: SHOW COLUMNS FROM `tp_admin` [ RunTime:0.0022s ]
SQL: SELECT * FROM `tp_admin` WHERE `account` = 'admin' LIMIT 1   [ RunTime:0.0002s ]
INFO: [ view_parse ] --START--
INFO: [ template_filter ] --START--
INFO: Run Behavior\ContentReplaceBehavior [ RunTime:0.000085s ]
INFO: [ template_filter ] --END-- [ RunTime:0.000190s ]
INFO: Run Behavior\ParseTemplateBehavior [ RunTime:0.088969s ]
INFO: [ view_parse ] --END-- [ RunTime:0.089087s ]
INFO: [ view_filter ] --START--
INFO: Run Behavior\WriteHtmlCacheBehavior [ RunTime:0.000358s ]
INFO: [ view_filter ] --END-- [ RunTime:0.000459s ]
INFO: [ app_end ] --START--
INFO: Run Behavior\ShowPageTraceBehavior [ RunTime:0.000632s ]
INFO: [ app_end ] --END-- [ RunTime:0.000818s ]

[ 2016-05-23T14:42:42+08:00 ] 127.0.0.1 /Uploads/2016-01-06/568ccc4c2d725.jpg
INFO: [ app_init ] --START--
INFO: Run Behavior\BuildLiteBehavior [ RunTime:0.000024s ]
INFO: [ app_init ] --END-- [ RunTime:0.000330s ]

[ 2016-05-23T14:42:42+08:00 ] 127.0.0.1 /index.php/index/content.html
INFO: [ app_init ] --START--
INFO: Run Behavior\BuildLiteBehavior [ RunTime:0.000022s ]
INFO: [ app_init ] --END-- [ RunTime:0.000332s ]
INFO: [ app_begin ] --START--
INFO: Run Behavior\ReadHtmlCacheBehavior [ RunTime:0.000542s ]
INFO: [ app_begin ] --END-- [ RunTime:0.000690s ]
SQL: SHOW COLUMNS FROM `tp_menu_admin` [ RunTime:0.0024s ]
SQL: SELECT * FROM `tp_menu_admin` WHERE `status` = 1 ORDER BY sort asc  [ RunTime:0.0008s ]
SQL: SHOW COLUMNS FROM `tp_admin` [ RunTime:0.0034s ]
SQL: SELECT * FROM `tp_admin` WHERE `account` = 'admin' LIMIT 1   [ RunTime:0.0004s ]
INFO: [ view_parse ] --START--
INFO: [ template_filter ] --START--
INFO: Run Behavior\ContentReplaceBehavior [ RunTime:0.000104s ]
INFO: [ template_filter ] --END-- [ RunTime:0.000220s ]
INFO: Run Behavior\ParseTemplateBehavior [ RunTime:0.088850s ]
INFO: [ view_parse ] --END-- [ RunTime:0.089028s ]
INFO: [ view_filter ] --START--
INFO: Run Behavior\WriteHtmlCacheBehavior [ RunTime:0.000664s ]
INFO: [ view_filter ] --END-- [ RunTime:0.000861s ]
INFO: [ app_end ] --START--
INFO: Run Behavior\ShowPageTraceBehavior [ RunTime:0.000702s ]
INFO: [ app_end ] --END-- [ RunTime:0.000862s ]

[ 2016-05-23T14:43:11+08:00 ] 127.0.0.1 /index.php/Setting/index.html
INFO: [ app_init ] --START--
INFO: Run Behavior\BuildLiteBehavior [ RunTime:0.000023s ]
INFO: [ app_init ] --END-- [ RunTime:0.000334s ]
INFO: [ app_begin ] --START--
INFO: Run Behavior\ReadHtmlCacheBehavior [ RunTime:0.000381s ]
INFO: [ app_begin ] --END-- [ RunTime:0.000481s ]
SQL: SHOW COLUMNS FROM `tp_menu_admin` [ RunTime:0.0023s ]
SQL: SELECT * FROM `tp_menu_admin` WHERE `status` = 1 ORDER BY sort asc  [ RunTime:0.0004s ]
SQL: SHOW COLUMNS FROM `tp_admin` [ RunTime:0.0022s ]
SQL: SELECT * FROM `tp_admin` WHERE `account` = 'admin' LIMIT 1   [ RunTime:0.0002s ]
SQL: SHOW COLUMNS FROM `tp_admin` [ RunTime:0.0019s ]
SQL: SELECT * FROM `tp_admin`  [ RunTime:0.0002s ]
INFO: [ view_parse ] --START--
INFO: [ template_filter ] --START--
INFO: Run Behavior\ContentReplaceBehavior [ RunTime:0.000113s ]
INFO: [ template_filter ] --END-- [ RunTime:0.000218s ]
INFO: Run Behavior\ParseTemplateBehavior [ RunTime:0.033104s ]
INFO: [ view_parse ] --END-- [ RunTime:0.033231s ]
INFO: [ view_filter ] --START--
INFO: Run Behavior\WriteHtmlCacheBehavior [ RunTime:0.000356s ]
INFO: [ view_filter ] --END-- [ RunTime:0.000452s ]
INFO: [ app_end ] --START--
INFO: Run Behavior\ShowPageTraceBehavior [ RunTime:0.000544s ]
INFO: [ app_end ] --END-- [ RunTime:0.000659s ]

[ 2016-05-23T14:43:11+08:00 ] 127.0.0.1 /Uploads/2016-01-06/568ccc4c2d725.jpg
INFO: [ app_init ] --START--
INFO: Run Behavior\BuildLiteBehavior [ RunTime:0.000023s ]
INFO: [ app_init ] --END-- [ RunTime:0.000325s ]

[ 2016-05-23T14:43:11+08:00 ] 127.0.0.1 /Uploads/2016-01-07/568e1ac899c6c.jpg
INFO: [ app_init ] --START--
INFO: Run Behavior\BuildLiteBehavior [ RunTime:0.000023s ]
INFO: [ app_init ] --END-- [ RunTime:0.000348s ]

[ 2016-05-23T14:43:22+08:00 ] 127.0.0.1 /index.php/Setting/deladmin.html
INFO: [ app_init ] --START--
INFO: Run Behavior\BuildLiteBehavior [ RunTime:0.000023s ]
INFO: [ app_init ] --END-- [ RunTime:0.000315s ]
INFO: [ app_begin ] --START--
INFO: Run Behavior\ReadHtmlCacheBehavior [ RunTime:0.000423s ]
INFO: [ app_begin ] --END-- [ RunTime:0.000558s ]
SQL: SHOW COLUMNS FROM `tp_menu_admin` [ RunTime:0.0029s ]
SQL: SELECT * FROM `tp_menu_admin` WHERE `status` = 1 ORDER BY sort asc  [ RunTime:0.0006s ]
SQL: SHOW COLUMNS FROM `tp_admin` [ RunTime:0.0023s ]
SQL: SELECT * FROM `tp_admin` WHERE `account` = 'admin' LIMIT 1   [ RunTime:0.0003s ]
SQL: SHOW COLUMNS FROM `tp_admin` [ RunTime:0.0022s ]
SQL: SELECT * FROM `tp_admin` WHERE `id` = 33 LIMIT 1   [ RunTime:0.0002s ]
SQL: DELETE FROM `tp_admin` WHERE `id` = 33 [ RunTime:0.0003s ]

[ 2016-05-23T14:43:23+08:00 ] 127.0.0.1 /index.php/Setting/index.html
INFO: [ app_init ] --START--
INFO: Run Behavior\BuildLiteBehavior [ RunTime:0.000024s ]
INFO: [ app_init ] --END-- [ RunTime:0.000339s ]
INFO: [ app_begin ] --START--
INFO: Run Behavior\ReadHtmlCacheBehavior [ RunTime:0.000633s ]
INFO: [ app_begin ] --END-- [ RunTime:0.000790s ]
SQL: SHOW COLUMNS FROM `tp_menu_admin` [ RunTime:0.0020s ]
SQL: SELECT * FROM `tp_menu_admin` WHERE `status` = 1 ORDER BY sort asc  [ RunTime:0.0004s ]
SQL: SHOW COLUMNS FROM `tp_admin` [ RunTime:0.0019s ]
SQL: SELECT * FROM `tp_admin` WHERE `account` = 'admin' LIMIT 1   [ RunTime:0.0002s ]
SQL: SHOW COLUMNS FROM `tp_admin` [ RunTime:0.0019s ]
SQL: SELECT * FROM `tp_admin`  [ RunTime:0.0002s ]
INFO: [ view_parse ] --START--
INFO: [ template_filter ] --START--
INFO: Run Behavior\ContentReplaceBehavior [ RunTime:0.000111s ]
INFO: [ template_filter ] --END-- [ RunTime:0.000229s ]
INFO: Run Behavior\ParseTemplateBehavior [ RunTime:0.022145s ]
INFO: [ view_parse ] --END-- [ RunTime:0.022265s ]
INFO: [ view_filter ] --START--
INFO: Run Behavior\WriteHtmlCacheBehavior [ RunTime:0.000380s ]
INFO: [ view_filter ] --END-- [ RunTime:0.000494s ]
INFO: [ app_end ] --START--
INFO: Run Behavior\ShowPageTraceBehavior [ RunTime:0.000389s ]
INFO: [ app_end ] --END-- [ RunTime:0.000535s ]

[ 2016-05-23T14:43:23+08:00 ] 127.0.0.1 /Uploads/2016-01-06/568ccc4c2d725.jpg
INFO: [ app_init ] --START--
INFO: Run Behavior\BuildLiteBehavior [ RunTime:0.000025s ]
INFO: [ app_init ] --END-- [ RunTime:0.000333s ]

[ 2016-05-23T14:43:23+08:00 ] 127.0.0.1 /Uploads/2016-01-07/568e1ac899c6c.jpg
INFO: [ app_init ] --START--
INFO: Run Behavior\BuildLiteBehavior [ RunTime:0.000023s ]
INFO: [ app_init ] --END-- [ RunTime:0.000329s ]

[ 2016-05-23T14:43:25+08:00 ] 127.0.0.1 /index.php/Setting/deladmin.html
INFO: [ app_init ] --START--
INFO: Run Behavior\BuildLiteBehavior [ RunTime:0.000035s ]
INFO: [ app_init ] --END-- [ RunTime:0.000428s ]
INFO: [ app_begin ] --START--
INFO: Run Behavior\ReadHtmlCacheBehavior [ RunTime:0.000629s ]
INFO: [ app_begin ] --END-- [ RunTime:0.000781s ]
SQL: SHOW COLUMNS FROM `tp_menu_admin` [ RunTime:0.0021s ]
SQL: SELECT * FROM `tp_menu_admin` WHERE `status` = 1 ORDER BY sort asc  [ RunTime:0.0004s ]
SQL: SHOW COLUMNS FROM `tp_admin` [ RunTime:0.0026s ]
SQL: SELECT * FROM `tp_admin` WHERE `account` = 'admin' LIMIT 1   [ RunTime:0.0004s ]
SQL: SHOW COLUMNS FROM `tp_admin` [ RunTime:0.0024s ]
SQL: SELECT * FROM `tp_admin` WHERE `id` = 32 LIMIT 1   [ RunTime:0.0002s ]
SQL: DELETE FROM `tp_admin` WHERE `id` = 32 [ RunTime:0.0002s ]

[ 2016-05-23T14:43:25+08:00 ] 127.0.0.1 /index.php/Setting/index.html
INFO: [ app_init ] --START--
INFO: Run Behavior\BuildLiteBehavior [ RunTime:0.000027s ]
INFO: [ app_init ] --END-- [ RunTime:0.000361s ]
INFO: [ app_begin ] --START--
INFO: Run Behavior\ReadHtmlCacheBehavior [ RunTime:0.000432s ]
INFO: [ app_begin ] --END-- [ RunTime:0.000619s ]
SQL: SHOW COLUMNS FROM `tp_menu_admin` [ RunTime:0.0023s ]
SQL: SELECT * FROM `tp_menu_admin` WHERE `status` = 1 ORDER BY sort asc  [ RunTime:0.0004s ]
SQL: SHOW COLUMNS FROM `tp_admin` [ RunTime:0.0021s ]
SQL: SELECT * FROM `tp_admin` WHERE `account` = 'admin' LIMIT 1   [ RunTime:0.0002s ]
SQL: SHOW COLUMNS FROM `tp_admin` [ RunTime:0.0020s ]
SQL: SELECT * FROM `tp_admin`  [ RunTime:0.0002s ]
INFO: [ view_parse ] --START--
INFO: [ template_filter ] --START--
INFO: Run Behavior\ContentReplaceBehavior [ RunTime:0.000113s ]
INFO: [ template_filter ] --END-- [ RunTime:0.000223s ]
INFO: Run Behavior\ParseTemplateBehavior [ RunTime:0.013450s ]
INFO: [ view_parse ] --END-- [ RunTime:0.013583s ]
INFO: [ view_filter ] --START--
INFO: Run Behavior\WriteHtmlCacheBehavior [ RunTime:0.000306s ]
INFO: [ view_filter ] --END-- [ RunTime:0.000399s ]
INFO: [ app_end ] --START--
INFO: Run Behavior\ShowPageTraceBehavior [ RunTime:0.000476s ]
INFO: [ app_end ] --END-- [ RunTime:0.000604s ]

[ 2016-05-23T14:43:26+08:00 ] 127.0.0.1 /Uploads/2016-01-06/568ccc4c2d725.jpg
INFO: [ app_init ] --START--
INFO: Run Behavior\BuildLiteBehavior [ RunTime:0.000022s ]
INFO: [ app_init ] --END-- [ RunTime:0.000326s ]

[ 2016-05-23T14:43:26+08:00 ] 127.0.0.1 /Uploads/2016-01-07/568e1ac899c6c.jpg
INFO: [ app_init ] --START--
INFO: Run Behavior\BuildLiteBehavior [ RunTime:0.000036s ]
INFO: [ app_init ] --END-- [ RunTime:0.000623s ]

[ 2016-05-23T14:43:27+08:00 ] 127.0.0.1 /index.php/Setting/deladmin.html
INFO: [ app_init ] --START--
INFO: Run Behavior\BuildLiteBehavior [ RunTime:0.000027s ]
INFO: [ app_init ] --END-- [ RunTime:0.000415s ]
INFO: [ app_begin ] --START--
INFO: Run Behavior\ReadHtmlCacheBehavior [ RunTime:0.000672s ]
INFO: [ app_begin ] --END-- [ RunTime:0.000851s ]
SQL: SHOW COLUMNS FROM `tp_menu_admin` [ RunTime:0.0022s ]
SQL: SELECT * FROM `tp_menu_admin` WHERE `status` = 1 ORDER BY sort asc  [ RunTime:0.0004s ]
SQL: SHOW COLUMNS FROM `tp_admin` [ RunTime:0.0019s ]
SQL: SELECT * FROM `tp_admin` WHERE `account` = 'admin' LIMIT 1   [ RunTime:0.0002s ]
SQL: SHOW COLUMNS FROM `tp_admin` [ RunTime:0.0029s ]
SQL: SELECT * FROM `tp_admin` WHERE `id` = 31 LIMIT 1   [ RunTime:0.0003s ]
SQL: DELETE FROM `tp_admin` WHERE `id` = 31 [ RunTime:0.0002s ]

[ 2016-05-23T14:43:27+08:00 ] 127.0.0.1 /index.php/Setting/index.html
INFO: [ app_init ] --START--
INFO: Run Behavior\BuildLiteBehavior [ RunTime:0.000029s ]
INFO: [ app_init ] --END-- [ RunTime:0.000344s ]
INFO: [ app_begin ] --START--
INFO: Run Behavior\ReadHtmlCacheBehavior [ RunTime:0.000329s ]
INFO: [ app_begin ] --END-- [ RunTime:0.000442s ]
SQL: SHOW COLUMNS FROM `tp_menu_admin` [ RunTime:0.0022s ]
SQL: SELECT * FROM `tp_menu_admin` WHERE `status` = 1 ORDER BY sort asc  [ RunTime:0.0004s ]
SQL: SHOW COLUMNS FROM `tp_admin` [ RunTime:0.0023s ]
SQL: SELECT * FROM `tp_admin` WHERE `account` = 'admin' LIMIT 1   [ RunTime:0.0003s ]
SQL: SHOW COLUMNS FROM `tp_admin` [ RunTime:0.0022s ]
SQL: SELECT * FROM `tp_admin`  [ RunTime:0.0002s ]
INFO: [ view_parse ] --START--
INFO: [ template_filter ] --START--
INFO: Run Behavior\ContentReplaceBehavior [ RunTime:0.000112s ]
INFO: [ template_filter ] --END-- [ RunTime:0.000238s ]
INFO: Run Behavior\ParseTemplateBehavior [ RunTime:0.013964s ]
INFO: [ view_parse ] --END-- [ RunTime:0.014083s ]
INFO: [ view_filter ] --START--
INFO: Run Behavior\WriteHtmlCacheBehavior [ RunTime:0.000376s ]
INFO: [ view_filter ] --END-- [ RunTime:0.000482s ]
INFO: [ app_end ] --START--
INFO: Run Behavior\ShowPageTraceBehavior [ RunTime:0.000623s ]
INFO: [ app_end ] --END-- [ RunTime:0.000765s ]

[ 2016-05-23T14:43:28+08:00 ] 127.0.0.1 /Uploads/2016-01-06/568ccc4c2d725.jpg
INFO: [ app_init ] --START--
INFO: Run Behavior\BuildLiteBehavior [ RunTime:0.000036s ]
INFO: [ app_init ] --END-- [ RunTime:0.000546s ]

[ 2016-05-23T14:43:28+08:00 ] 127.0.0.1 /Uploads/2016-01-07/568e1ac899c6c.jpg
INFO: [ app_init ] --START--
INFO: Run Behavior\BuildLiteBehavior [ RunTime:0.000193s ]
INFO: [ app_init ] --END-- [ RunTime:0.000900s ]

[ 2016-05-23T14:43:29+08:00 ] 127.0.0.1 /index.php/Setting/deladmin.html
INFO: [ app_init ] --START--
INFO: Run Behavior\BuildLiteBehavior [ RunTime:0.000027s ]
INFO: [ app_init ] --END-- [ RunTime:0.000480s ]
INFO: [ app_begin ] --START--
INFO: Run Behavior\ReadHtmlCacheBehavior [ RunTime:0.000422s ]
INFO: [ app_begin ] --END-- [ RunTime:0.000533s ]
SQL: SHOW COLUMNS FROM `tp_menu_admin` [ RunTime:0.0028s ]
SQL: SELECT * FROM `tp_menu_admin` WHERE `status` = 1 ORDER BY sort asc  [ RunTime:0.0006s ]
SQL: SHOW COLUMNS FROM `tp_admin` [ RunTime:0.0025s ]
SQL: SELECT * FROM `tp_admin` WHERE `account` = 'admin' LIMIT 1   [ RunTime:0.0003s ]
SQL: SHOW COLUMNS FROM `tp_admin` [ RunTime:0.0022s ]
SQL: SELECT * FROM `tp_admin` WHERE `id` = 30 LIMIT 1   [ RunTime:0.0003s ]
SQL: DELETE FROM `tp_admin` WHERE `id` = 30 [ RunTime:0.0003s ]

[ 2016-05-23T14:43:30+08:00 ] 127.0.0.1 /index.php/Setting/index.html
INFO: [ app_init ] --START--
INFO: Run Behavior\BuildLiteBehavior [ RunTime:0.000022s ]
INFO: [ app_init ] --END-- [ RunTime:0.000326s ]
INFO: [ app_begin ] --START--
INFO: Run Behavior\ReadHtmlCacheBehavior [ RunTime:0.000449s ]
INFO: [ app_begin ] --END-- [ RunTime:0.000590s ]
SQL: SHOW COLUMNS FROM `tp_menu_admin` [ RunTime:0.0025s ]
SQL: SELECT * FROM `tp_menu_admin` WHERE `status` = 1 ORDER BY sort asc  [ RunTime:0.0004s ]
SQL: SHOW COLUMNS FROM `tp_admin` [ RunTime:0.0020s ]
SQL: SELECT * FROM `tp_admin` WHERE `account` = 'admin' LIMIT 1   [ RunTime:0.0002s ]
SQL: SHOW COLUMNS FROM `tp_admin` [ RunTime:0.0021s ]
SQL: SELECT * FROM `tp_admin`  [ RunTime:0.0002s ]
INFO: [ view_parse ] --START--
INFO: [ template_filter ] --START--
INFO: Run Behavior\ContentReplaceBehavior [ RunTime:0.000120s ]
INFO: [ template_filter ] --END-- [ RunTime:0.000232s ]
INFO: Run Behavior\ParseTemplateBehavior [ RunTime:0.013067s ]
INFO: [ view_parse ] --END-- [ RunTime:0.013171s ]
INFO: [ view_filter ] --START--
INFO: Run Behavior\WriteHtmlCacheBehavior [ RunTime:0.000285s ]
INFO: [ view_filter ] --END-- [ RunTime:0.000376s ]
INFO: [ app_end ] --START--
INFO: Run Behavior\ShowPageTraceBehavior [ RunTime:0.000482s ]
INFO: [ app_end ] --END-- [ RunTime:0.000597s ]

[ 2016-05-23T14:43:30+08:00 ] 127.0.0.1 /Uploads/2016-01-06/568ccc4c2d725.jpg
INFO: [ app_init ] --START--
INFO: Run Behavior\BuildLiteBehavior [ RunTime:0.000022s ]
INFO: [ app_init ] --END-- [ RunTime:0.000309s ]

[ 2016-05-23T14:43:30+08:00 ] 127.0.0.1 /Uploads/2016-01-07/568e1ac899c6c.jpg
INFO: [ app_init ] --START--
INFO: Run Behavior\BuildLiteBehavior [ RunTime:0.000039s ]
INFO: [ app_init ] --END-- [ RunTime:0.000545s ]

[ 2016-05-23T14:43:31+08:00 ] 127.0.0.1 /index.php/Setting/deladmin.html
INFO: [ app_init ] --START--
INFO: Run Behavior\BuildLiteBehavior [ RunTime:0.000042s ]
INFO: [ app_init ] --END-- [ RunTime:0.000536s ]
INFO: [ app_begin ] --START--
INFO: Run Behavior\ReadHtmlCacheBehavior [ RunTime:0.000487s ]
INFO: [ app_begin ] --END-- [ RunTime:0.000646s ]
SQL: SHOW COLUMNS FROM `tp_menu_admin` [ RunTime:0.0022s ]
SQL: SELECT * FROM `tp_menu_admin` WHERE `status` = 1 ORDER BY sort asc  [ RunTime:0.0005s ]
SQL: SHOW COLUMNS FROM `tp_admin` [ RunTime:0.0021s ]
SQL: SELECT * FROM `tp_admin` WHERE `account` = 'admin' LIMIT 1   [ RunTime:0.0002s ]
SQL: SHOW COLUMNS FROM `tp_admin` [ RunTime:0.0022s ]
SQL: SELECT * FROM `tp_admin` WHERE `id` = 29 LIMIT 1   [ RunTime:0.0004s ]
SQL: DELETE FROM `tp_admin` WHERE `id` = 29 [ RunTime:0.0004s ]

[ 2016-05-23T14:43:32+08:00 ] 127.0.0.1 /index.php/Setting/index.html
INFO: [ app_init ] --START--
INFO: Run Behavior\BuildLiteBehavior [ RunTime:0.000023s ]
INFO: [ app_init ] --END-- [ RunTime:0.000312s ]
INFO: [ app_begin ] --START--
INFO: Run Behavior\ReadHtmlCacheBehavior [ RunTime:0.000325s ]
INFO: [ app_begin ] --END-- [ RunTime:0.000428s ]
SQL: SHOW COLUMNS FROM `tp_menu_admin` [ RunTime:0.0021s ]
SQL: SELECT * FROM `tp_menu_admin` WHERE `status` = 1 ORDER BY sort asc  [ RunTime:0.0004s ]
SQL: SHOW COLUMNS FROM `tp_admin` [ RunTime:0.0028s ]
SQL: SELECT * FROM `tp_admin` WHERE `account` = 'admin' LIMIT 1   [ RunTime:0.0002s ]
SQL: SHOW COLUMNS FROM `tp_admin` [ RunTime:0.0020s ]
SQL: SELECT * FROM `tp_admin`  [ RunTime:0.0002s ]
INFO: [ view_parse ] --START--
INFO: [ template_filter ] --START--
INFO: Run Behavior\ContentReplaceBehavior [ RunTime:0.000118s ]
INFO: [ template_filter ] --END-- [ RunTime:0.000252s ]
INFO: Run Behavior\ParseTemplateBehavior [ RunTime:0.013309s ]
INFO: [ view_parse ] --END-- [ RunTime:0.013418s ]
INFO: [ view_filter ] --START--
INFO: Run Behavior\WriteHtmlCacheBehavior [ RunTime:0.000328s ]
INFO: [ view_filter ] --END-- [ RunTime:0.000419s ]
INFO: [ app_end ] --START--
INFO: Run Behavior\ShowPageTraceBehavior [ RunTime:0.000508s ]
INFO: [ app_end ] --END-- [ RunTime:0.000629s ]

[ 2016-05-23T14:43:32+08:00 ] 127.0.0.1 /Uploads/2016-01-07/568e1ac899c6c.jpg
INFO: [ app_init ] --START--
INFO: Run Behavior\BuildLiteBehavior [ RunTime:0.000038s ]
INFO: [ app_init ] --END-- [ RunTime:0.000493s ]

[ 2016-05-23T14:43:32+08:00 ] 127.0.0.1 /Uploads/2016-01-06/568ccc4c2d725.jpg
INFO: [ app_init ] --START--
INFO: Run Behavior\BuildLiteBehavior [ RunTime:0.000034s ]
INFO: [ app_init ] --END-- [ RunTime:0.000447s ]

[ 2016-05-23T14:43:32+08:00 ] 127.0.0.1 /Uploads/2016-01-07/568e1ac899c6c.jpg
INFO: [ app_init ] --START--
INFO: Run Behavior\BuildLiteBehavior [ RunTime:0.000041s ]
INFO: [ app_init ] --END-- [ RunTime:0.000531s ]

[ 2016-05-23T14:43:33+08:00 ] 127.0.0.1 /index.php/Setting/deladmin.html
INFO: [ app_init ] --START--
INFO: Run Behavior\BuildLiteBehavior [ RunTime:0.000025s ]
INFO: [ app_init ] --END-- [ RunTime:0.000357s ]
INFO: [ app_begin ] --START--
INFO: Run Behavior\ReadHtmlCacheBehavior [ RunTime:0.000465s ]
INFO: [ app_begin ] --END-- [ RunTime:0.000594s ]
SQL: SHOW COLUMNS FROM `tp_menu_admin` [ RunTime:0.0024s ]
SQL: SELECT * FROM `tp_menu_admin` WHERE `status` = 1 ORDER BY sort asc  [ RunTime:0.0004s ]
SQL: SHOW COLUMNS FROM `tp_admin` [ RunTime:0.0020s ]
SQL: SELECT * FROM `tp_admin` WHERE `account` = 'admin' LIMIT 1   [ RunTime:0.0002s ]
SQL: SHOW COLUMNS FROM `tp_admin` [ RunTime:0.0018s ]
SQL: SELECT * FROM `tp_admin` WHERE `id` = 28 LIMIT 1   [ RunTime:0.0003s ]
SQL: DELETE FROM `tp_admin` WHERE `id` = 28 [ RunTime:0.0004s ]

[ 2016-05-23T14:43:34+08:00 ] 127.0.0.1 /index.php/Setting/index.html
INFO: [ app_init ] --START--
INFO: Run Behavior\BuildLiteBehavior [ RunTime:0.000039s ]
INFO: [ app_init ] --END-- [ RunTime:0.000504s ]
INFO: [ app_begin ] --START--
INFO: Run Behavior\ReadHtmlCacheBehavior [ RunTime:0.000438s ]
INFO: [ app_begin ] --END-- [ RunTime:0.000607s ]
SQL: SHOW COLUMNS FROM `tp_menu_admin` [ RunTime:0.0026s ]
SQL: SELECT * FROM `tp_menu_admin` WHERE `status` = 1 ORDER BY sort asc  [ RunTime:0.0004s ]
SQL: SHOW COLUMNS FROM `tp_admin` [ RunTime:0.0019s ]
SQL: SELECT * FROM `tp_admin` WHERE `account` = 'admin' LIMIT 1   [ RunTime:0.0002s ]
SQL: SHOW COLUMNS FROM `tp_admin` [ RunTime:0.0019s ]
SQL: SELECT * FROM `tp_admin`  [ RunTime:0.0002s ]
INFO: [ view_parse ] --START--
INFO: [ template_filter ] --START--
INFO: Run Behavior\ContentReplaceBehavior [ RunTime:0.000115s ]
INFO: [ template_filter ] --END-- [ RunTime:0.000224s ]
INFO: Run Behavior\ParseTemplateBehavior [ RunTime:0.012603s ]
INFO: [ view_parse ] --END-- [ RunTime:0.012709s ]
INFO: [ view_filter ] --START--
INFO: Run Behavior\WriteHtmlCacheBehavior [ RunTime:0.000300s ]
INFO: [ view_filter ] --END-- [ RunTime:0.000391s ]
INFO: [ app_end ] --START--
INFO: Run Behavior\ShowPageTraceBehavior [ RunTime:0.000518s ]
INFO: [ app_end ] --END-- [ RunTime:0.000656s ]

[ 2016-05-23T14:43:34+08:00 ] 127.0.0.1 /Uploads/2016-01-07/568e1ac899c6c.jpg
INFO: [ app_init ] --START--
INFO: Run Behavior\BuildLiteBehavior [ RunTime:0.000036s ]
INFO: [ app_init ] --END-- [ RunTime:0.000473s ]

[ 2016-05-23T14:43:34+08:00 ] 127.0.0.1 /Uploads/2016-01-06/568ccc4c2d725.jpg
INFO: [ app_init ] --START--
INFO: Run Behavior\BuildLiteBehavior [ RunTime:0.000037s ]
INFO: [ app_init ] --END-- [ RunTime:0.000504s ]

[ 2016-05-23T14:43:36+08:00 ] 127.0.0.1 /index.php/Setting/deladmin.html
INFO: [ app_init ] --START--
INFO: Run Behavior\BuildLiteBehavior [ RunTime:0.000041s ]
INFO: [ app_init ] --END-- [ RunTime:0.000594s ]
INFO: [ app_begin ] --START--
INFO: Run Behavior\ReadHtmlCacheBehavior [ RunTime:0.000571s ]
INFO: [ app_begin ] --END-- [ RunTime:0.000755s ]
SQL: SHOW COLUMNS FROM `tp_menu_admin` [ RunTime:0.0024s ]
SQL: SELECT * FROM `tp_menu_admin` WHERE `status` = 1 ORDER BY sort asc  [ RunTime:0.0004s ]
SQL: SHOW COLUMNS FROM `tp_admin` [ RunTime:0.0023s ]
SQL: SELECT * FROM `tp_admin` WHERE `account` = 'admin' LIMIT 1   [ RunTime:0.0003s ]
SQL: SHOW COLUMNS FROM `tp_admin` [ RunTime:0.0024s ]
SQL: SELECT * FROM `tp_admin` WHERE `id` = 22 LIMIT 1   [ RunTime:0.0004s ]
SQL: DELETE FROM `tp_admin` WHERE `id` = 22 [ RunTime:0.0004s ]

[ 2016-05-23T14:43:37+08:00 ] 127.0.0.1 /index.php/Setting/index.html
INFO: [ app_init ] --START--
INFO: Run Behavior\BuildLiteBehavior [ RunTime:0.000026s ]
INFO: [ app_init ] --END-- [ RunTime:0.000487s ]
INFO: [ app_begin ] --START--
INFO: Run Behavior\ReadHtmlCacheBehavior [ RunTime:0.000556s ]
INFO: [ app_begin ] --END-- [ RunTime:0.000772s ]
SQL: SHOW COLUMNS FROM `tp_menu_admin` [ RunTime:0.0026s ]
SQL: SELECT * FROM `tp_menu_admin` WHERE `status` = 1 ORDER BY sort asc  [ RunTime:0.0004s ]
SQL: SHOW COLUMNS FROM `tp_admin` [ RunTime:0.0019s ]
SQL: SELECT * FROM `tp_admin` WHERE `account` = 'admin' LIMIT 1   [ RunTime:0.0002s ]
SQL: SHOW COLUMNS FROM `tp_admin` [ RunTime:0.0026s ]
SQL: SELECT * FROM `tp_admin`  [ RunTime:0.0002s ]
INFO: [ view_parse ] --START--
INFO: [ template_filter ] --START--
INFO: Run Behavior\ContentReplaceBehavior [ RunTime:0.000112s ]
INFO: [ template_filter ] --END-- [ RunTime:0.000220s ]
INFO: Run Behavior\ParseTemplateBehavior [ RunTime:0.014118s ]
INFO: [ view_parse ] --END-- [ RunTime:0.014227s ]
INFO: [ view_filter ] --START--
INFO: Run Behavior\WriteHtmlCacheBehavior [ RunTime:0.000309s ]
INFO: [ view_filter ] --END-- [ RunTime:0.000437s ]
INFO: [ app_end ] --START--
INFO: Run Behavior\ShowPageTraceBehavior [ RunTime:0.000796s ]
INFO: [ app_end ] --END-- [ RunTime:0.001021s ]

[ 2016-05-23T14:43:37+08:00 ] 127.0.0.1 /Uploads/2016-01-06/568ccc4c2d725.jpg
INFO: [ app_init ] --START--
INFO: Run Behavior\BuildLiteBehavior [ RunTime:0.000041s ]
INFO: [ app_init ] --END-- [ RunTime:0.000506s ]

[ 2016-05-23T14:43:40+08:00 ] 127.0.0.1 /index.php/Company/gindex.html
INFO: [ app_init ] --START--
INFO: Run Behavior\BuildLiteBehavior [ RunTime:0.000035s ]
INFO: [ app_init ] --END-- [ RunTime:0.000443s ]
INFO: [ app_begin ] --START--
INFO: Run Behavior\ReadHtmlCacheBehavior [ RunTime:0.000490s ]
INFO: [ app_begin ] --END-- [ RunTime:0.000659s ]
SQL: SHOW COLUMNS FROM `tp_menu_admin` [ RunTime:0.0021s ]
SQL: SELECT * FROM `tp_menu_admin` WHERE `status` = 1 ORDER BY sort asc  [ RunTime:0.0004s ]
SQL: SHOW COLUMNS FROM `tp_admin` [ RunTime:0.0026s ]
SQL: SELECT * FROM `tp_admin` WHERE `account` = 'admin' LIMIT 1   [ RunTime:0.0003s ]
SQL: SHOW COLUMNS FROM `tp_company` [ RunTime:0.0026s ]
SQL: SELECT COUNT(*) AS tp_count FROM `tp_company` LIMIT 1   [ RunTime:0.0003s ]
SQL: SELECT * FROM `tp_company` ORDER BY sort desc LIMIT 0,10   [ RunTime:0.0004s ]
INFO: [ view_parse ] --START--
INFO: [ template_filter ] --START--
INFO: Run Behavior\ContentReplaceBehavior [ RunTime:0.000132s ]
INFO: [ template_filter ] --END-- [ RunTime:0.000237s ]
NOTIC: [8] Undefined index: title D:\diguo_warmpserver-2.5\exe\wamp\www\weishijiao\App\Runtime\Cache\Admin\87a5662ab23a3a0bb836db0c938edbcc.php 第 222 行.
NOTIC: [8] Undefined index: title D:\diguo_warmpserver-2.5\exe\wamp\www\weishijiao\App\Runtime\Cache\Admin\87a5662ab23a3a0bb836db0c938edbcc.php 第 222 行.
NOTIC: [8] Undefined index: title D:\diguo_warmpserver-2.5\exe\wamp\www\weishijiao\App\Runtime\Cache\Admin\87a5662ab23a3a0bb836db0c938edbcc.php 第 222 行.
NOTIC: [8] Undefined variable: not_found D:\diguo_warmpserver-2.5\exe\wamp\www\weishijiao\App\Runtime\Cache\Admin\87a5662ab23a3a0bb836db0c938edbcc.php 第 251 行.
INFO: Run Behavior\ParseTemplateBehavior [ RunTime:0.037164s ]
INFO: [ view_parse ] --END-- [ RunTime:0.037310s ]
INFO: [ view_filter ] --START--
INFO: Run Behavior\WriteHtmlCacheBehavior [ RunTime:0.000416s ]
INFO: [ view_filter ] --END-- [ RunTime:0.000525s ]
INFO: [ app_end ] --START--
INFO: Run Behavior\ShowPageTraceBehavior [ RunTime:0.000624s ]
INFO: [ app_end ] --END-- [ RunTime:0.000732s ]

[ 2016-05-23T14:43:40+08:00 ] 127.0.0.1 /public/js/artDialog/jquery.artDialog.js?skin=blue
INFO: [ app_init ] --START--
INFO: Run Behavior\BuildLiteBehavior [ RunTime:0.000039s ]
INFO: [ app_init ] --END-- [ RunTime:0.000492s ]
INFO: [ app_begin ] --START--
INFO: Run Behavior\ReadHtmlCacheBehavior [ RunTime:0.000476s ]
INFO: [ app_begin ] --END-- [ RunTime:0.000649s ]
ERR: 无法加载控制器:Public

[ 2016-05-23T14:43:40+08:00 ] 127.0.0.1 /public/js/function.js
INFO: [ app_init ] --START--
INFO: Run Behavior\BuildLiteBehavior [ RunTime:0.000040s ]
INFO: [ app_init ] --END-- [ RunTime:0.000487s ]
INFO: [ app_begin ] --START--
INFO: Run Behavior\ReadHtmlCacheBehavior [ RunTime:0.000472s ]
INFO: [ app_begin ] --END-- [ RunTime:0.000649s ]
ERR: 无法加载控制器:Public

[ 2016-05-23T14:43:40+08:00 ] 127.0.0.1 /public/js/artDialog/plugins/iframeTools.js
INFO: [ app_init ] --START--
INFO: Run Behavior\BuildLiteBehavior [ RunTime:0.000036s ]
INFO: [ app_init ] --END-- [ RunTime:0.000456s ]
INFO: [ app_begin ] --START--
INFO: Run Behavior\ReadHtmlCacheBehavior [ RunTime:0.000480s ]
INFO: [ app_begin ] --END-- [ RunTime:0.000658s ]
ERR: 无法加载控制器:Public

[ 2016-05-23T17:48:50+08:00 ] 127.0.0.1 /
INFO: [ app_init ] --START--
INFO: Run Behavior\BuildLiteBehavior [ RunTime:0.000061s ]
INFO: [ app_init ] --END-- [ RunTime:0.001517s ]
INFO: [ app_begin ] --START--
INFO: Run Behavior\ReadHtmlCacheBehavior [ RunTime:0.001514s ]
INFO: [ app_begin ] --END-- [ RunTime:0.001790s ]
SQL: SHOW COLUMNS FROM `tp_menu_admin` [ RunTime:0.0070s ]
SQL: SELECT * FROM `tp_menu_admin` WHERE `status` = 1 ORDER BY sort asc  [ RunTime:0.0172s ]
SQL: SHOW COLUMNS FROM `tp_admin` [ RunTime:0.0058s ]
SQL: SELECT * FROM `tp_admin` WHERE `account` = 'admin' LIMIT 1   [ RunTime:0.0086s ]
INFO: [ view_parse ] --START--
INFO: [ template_filter ] --START--
INFO: Run Behavior\ContentReplaceBehavior [ RunTime:0.000219s ]
INFO: [ template_filter ] --END-- [ RunTime:0.000473s ]
INFO: Run Behavior\ParseTemplateBehavior [ RunTime:0.086762s ]
INFO: [ view_parse ] --END-- [ RunTime:0.087070s ]
INFO: [ view_filter ] --START--
INFO: Run Behavior\WriteHtmlCacheBehavior [ RunTime:0.000954s ]
INFO: [ view_filter ] --END-- [ RunTime:0.001081s ]
INFO: [ app_end ] --START--
INFO: Run Behavior\ShowPageTraceBehavior [ RunTime:0.001345s ]
INFO: [ app_end ] --END-- [ RunTime:0.001556s ]

[ 2016-05-23T17:48:50+08:00 ] 127.0.0.1 /Uploads/2016-01-06/568ccc4c2d725.jpg
INFO: [ app_init ] --START--
INFO: Run Behavior\BuildLiteBehavior [ RunTime:0.000024s ]
INFO: [ app_init ] --END-- [ RunTime:0.000471s ]

[ 2016-05-23T17:48:50+08:00 ] 127.0.0.1 /Uploads/2016-01-06/568ccc4c2d725.jpg
INFO: [ app_init ] --START--
INFO: Run Behavior\BuildLiteBehavior [ RunTime:0.000040s ]
INFO: [ app_init ] --END-- [ RunTime:0.000501s ]

[ 2016-05-23T17:48:50+08:00 ] 127.0.0.1 /index.php/index/content.html
INFO: [ app_init ] --START--
INFO: Run Behavior\BuildLiteBehavior [ RunTime:0.000027s ]
INFO: [ app_init ] --END-- [ RunTime:0.000367s ]
INFO: [ app_begin ] --START--
INFO: Run Behavior\ReadHtmlCacheBehavior [ RunTime:0.000415s ]
INFO: [ app_begin ] --END-- [ RunTime:0.000522s ]
SQL: SHOW COLUMNS FROM `tp_menu_admin` [ RunTime:0.0032s ]
SQL: SELECT * FROM `tp_menu_admin` WHERE `status` = 1 ORDER BY sort asc  [ RunTime:0.0005s ]
SQL: SHOW COLUMNS FROM `tp_admin` [ RunTime:0.0023s ]
SQL: SELECT * FROM `tp_admin` WHERE `account` = 'admin' LIMIT 1   [ RunTime:0.0002s ]
INFO: [ view_parse ] --START--
INFO: [ template_filter ] --START--
INFO: Run Behavior\ContentReplaceBehavior [ RunTime:0.000114s ]
INFO: [ template_filter ] --END-- [ RunTime:0.000234s ]
INFO: Run Behavior\ParseTemplateBehavior [ RunTime:0.009087s ]
INFO: [ view_parse ] --END-- [ RunTime:0.009247s ]
INFO: [ view_filter ] --START--
INFO: Run Behavior\WriteHtmlCacheBehavior [ RunTime:0.000470s ]
INFO: [ view_filter ] --END-- [ RunTime:0.000607s ]
INFO: [ app_end ] --START--
INFO: Run Behavior\ShowPageTraceBehavior [ RunTime:0.000756s ]
INFO: [ app_end ] --END-- [ RunTime:0.000906s ]

[ 2016-05-23T17:48:55+08:00 ] 127.0.0.1 /index.php/Company/gindex.html
INFO: [ app_init ] --START--
INFO: Run Behavior\BuildLiteBehavior [ RunTime:0.000022s ]
INFO: [ app_init ] --END-- [ RunTime:0.000305s ]
INFO: [ app_begin ] --START--
INFO: Run Behavior\ReadHtmlCacheBehavior [ RunTime:0.000299s ]
INFO: [ app_begin ] --END-- [ RunTime:0.000399s ]
SQL: SHOW COLUMNS FROM `tp_menu_admin` [ RunTime:0.0026s ]
SQL: SELECT * FROM `tp_menu_admin` WHERE `status` = 1 ORDER BY sort asc  [ RunTime:0.0004s ]
SQL: SHOW COLUMNS FROM `tp_admin` [ RunTime:0.0022s ]
SQL: SELECT * FROM `tp_admin` WHERE `account` = 'admin' LIMIT 1   [ RunTime:0.0002s ]
SQL: SHOW COLUMNS FROM `tp_company` [ RunTime:0.0022s ]
SQL: SELECT COUNT(*) AS tp_count FROM `tp_company` LIMIT 1   [ RunTime:0.0002s ]
SQL: SELECT * FROM `tp_company` ORDER BY sort desc LIMIT 0,10   [ RunTime:0.0004s ]
INFO: [ view_parse ] --START--
INFO: [ template_filter ] --START--
INFO: Run Behavior\ContentReplaceBehavior [ RunTime:0.000128s ]
INFO: [ template_filter ] --END-- [ RunTime:0.000253s ]
NOTIC: [8] Undefined index: title D:\diguo_warmpserver-2.5\exe\wamp\www\weishijiao\App\Runtime\Cache\Admin\87a5662ab23a3a0bb836db0c938edbcc.php 第 222 行.
NOTIC: [8] Undefined index: title D:\diguo_warmpserver-2.5\exe\wamp\www\weishijiao\App\Runtime\Cache\Admin\87a5662ab23a3a0bb836db0c938edbcc.php 第 222 行.
NOTIC: [8] Undefined index: title D:\diguo_warmpserver-2.5\exe\wamp\www\weishijiao\App\Runtime\Cache\Admin\87a5662ab23a3a0bb836db0c938edbcc.php 第 222 行.
NOTIC: [8] Undefined variable: not_found D:\diguo_warmpserver-2.5\exe\wamp\www\weishijiao\App\Runtime\Cache\Admin\87a5662ab23a3a0bb836db0c938edbcc.php 第 251 行.
INFO: Run Behavior\ParseTemplateBehavior [ RunTime:0.035684s ]
INFO: [ view_parse ] --END-- [ RunTime:0.035791s ]
INFO: [ view_filter ] --START--
INFO: Run Behavior\WriteHtmlCacheBehavior [ RunTime:0.000317s ]
INFO: [ view_filter ] --END-- [ RunTime:0.000408s ]
INFO: [ app_end ] --START--
INFO: Run Behavior\ShowPageTraceBehavior [ RunTime:0.000430s ]
INFO: [ app_end ] --END-- [ RunTime:0.000555s ]

[ 2016-05-23T17:48:55+08:00 ] 127.0.0.1 /public/js/artDialog/jquery.artDialog.js?skin=blue
INFO: [ app_init ] --START--
INFO: Run Behavior\BuildLiteBehavior [ RunTime:0.000036s ]
INFO: [ app_init ] --END-- [ RunTime:0.000463s ]
INFO: [ app_begin ] --START--
INFO: Run Behavior\ReadHtmlCacheBehavior [ RunTime:0.000458s ]
INFO: [ app_begin ] --END-- [ RunTime:0.000630s ]
ERR: 无法加载控制器:Public

[ 2016-05-23T17:48:55+08:00 ] 127.0.0.1 /public/js/artDialog/plugins/iframeTools.js
INFO: [ app_init ] --START--
INFO: Run Behavior\BuildLiteBehavior [ RunTime:0.000022s ]
INFO: [ app_init ] --END-- [ RunTime:0.000307s ]
INFO: [ app_begin ] --START--
INFO: Run Behavior\ReadHtmlCacheBehavior [ RunTime:0.000497s ]
INFO: [ app_begin ] --END-- [ RunTime:0.000709s ]
ERR: 无法加载控制器:Public

[ 2016-05-23T17:48:55+08:00 ] 127.0.0.1 /public/js/function.js
INFO: [ app_init ] --START--
INFO: Run Behavior\BuildLiteBehavior [ RunTime:0.000035s ]
INFO: [ app_init ] --END-- [ RunTime:0.000520s ]
INFO: [ app_begin ] --START--
INFO: Run Behavior\ReadHtmlCacheBehavior [ RunTime:0.000392s ]
INFO: [ app_begin ] --END-- [ RunTime:0.000508s ]
ERR: 无法加载控制器:Public

[ 2016-05-23T17:48:57+08:00 ] 127.0.0.1 /index.php/Company/gindex.html
INFO: [ app_init ] --START--
INFO: Run Behavior\BuildLiteBehavior [ RunTime:0.000021s ]
INFO: [ app_init ] --END-- [ RunTime:0.000299s ]
INFO: [ app_begin ] --START--
INFO: Run Behavior\ReadHtmlCacheBehavior [ RunTime:0.000309s ]
INFO: [ app_begin ] --END-- [ RunTime:0.000408s ]
SQL: SHOW COLUMNS FROM `tp_menu_admin` [ RunTime:0.0023s ]
SQL: SELECT * FROM `tp_menu_admin` WHERE `status` = 1 ORDER BY sort asc  [ RunTime:0.0004s ]
SQL: SHOW COLUMNS FROM `tp_admin` [ RunTime:0.0020s ]
SQL: SELECT * FROM `tp_admin` WHERE `account` = 'admin' LIMIT 1   [ RunTime:0.0002s ]
SQL: SHOW COLUMNS FROM `tp_company` [ RunTime:0.0021s ]
SQL: SELECT COUNT(*) AS tp_count FROM `tp_company` LIMIT 1   [ RunTime:0.0001s ]
SQL: SELECT * FROM `tp_company` ORDER BY sort desc LIMIT 0,10   [ RunTime:0.0002s ]
INFO: [ view_parse ] --START--
INFO: [ template_filter ] --START--
INFO: Run Behavior\ContentReplaceBehavior [ RunTime:0.000119s ]
INFO: [ template_filter ] --END-- [ RunTime:0.000226s ]
NOTIC: [8] Undefined index: title D:\diguo_warmpserver-2.5\exe\wamp\www\weishijiao\App\Runtime\Cache\Admin\87a5662ab23a3a0bb836db0c938edbcc.php 第 222 行.
NOTIC: [8] Undefined index: title D:\diguo_warmpserver-2.5\exe\wamp\www\weishijiao\App\Runtime\Cache\Admin\87a5662ab23a3a0bb836db0c938edbcc.php 第 222 行.
NOTIC: [8] Undefined index: title D:\diguo_warmpserver-2.5\exe\wamp\www\weishijiao\App\Runtime\Cache\Admin\87a5662ab23a3a0bb836db0c938edbcc.php 第 222 行.
NOTIC: [8] Undefined variable: not_found D:\diguo_warmpserver-2.5\exe\wamp\www\weishijiao\App\Runtime\Cache\Admin\87a5662ab23a3a0bb836db0c938edbcc.php 第 251 行.
INFO: Run Behavior\ParseTemplateBehavior [ RunTime:0.013045s ]
INFO: [ view_parse ] --END-- [ RunTime:0.013146s ]
INFO: [ view_filter ] --START--
INFO: Run Behavior\WriteHtmlCacheBehavior [ RunTime:0.000297s ]
INFO: [ view_filter ] --END-- [ RunTime:0.000389s ]
INFO: [ app_end ] --START--
INFO: Run Behavior\ShowPageTraceBehavior [ RunTime:0.000515s ]
INFO: [ app_end ] --END-- [ RunTime:0.000639s ]

[ 2016-05-23T17:48:57+08:00 ] 127.0.0.1 /public/js/artDialog/jquery.artDialog.js?skin=blue
INFO: [ app_init ] --START--
INFO: Run Behavior\BuildLiteBehavior [ RunTime:0.000035s ]
INFO: [ app_init ] --END-- [ RunTime:0.000466s ]
INFO: [ app_begin ] --START--
INFO: Run Behavior\ReadHtmlCacheBehavior [ RunTime:0.000492s ]
INFO: [ app_begin ] --END-- [ RunTime:0.000663s ]
ERR: 无法加载控制器:Public

[ 2016-05-23T17:48:57+08:00 ] 127.0.0.1 /public/js/artDialog/plugins/iframeTools.js
INFO: [ app_init ] --START--
INFO: Run Behavior\BuildLiteBehavior [ RunTime:0.000036s ]
INFO: [ app_init ] --END-- [ RunTime:0.000449s ]
INFO: [ app_begin ] --START--
INFO: Run Behavior\ReadHtmlCacheBehavior [ RunTime:0.000464s ]
INFO: [ app_begin ] --END-- [ RunTime:0.000637s ]
ERR: 无法加载控制器:Public

[ 2016-05-23T17:48:57+08:00 ] 127.0.0.1 /public/js/function.js
INFO: [ app_init ] --START--
INFO: Run Behavior\BuildLiteBehavior [ RunTime:0.000033s ]
INFO: [ app_init ] --END-- [ RunTime:0.000468s ]
INFO: [ app_begin ] --START--
INFO: Run Behavior\ReadHtmlCacheBehavior [ RunTime:0.000368s ]
INFO: [ app_begin ] --END-- [ RunTime:0.000480s ]
ERR: 无法加载控制器:Public

[ 2016-05-23T17:48:58+08:00 ] 127.0.0.1 /index.php/Company/gindex.html
INFO: [ app_init ] --START--
INFO: Run Behavior\BuildLiteBehavior [ RunTime:0.000021s ]
INFO: [ app_init ] --END-- [ RunTime:0.000295s ]
INFO: [ app_begin ] --START--
INFO: Run Behavior\ReadHtmlCacheBehavior [ RunTime:0.000306s ]
INFO: [ app_begin ] --END-- [ RunTime:0.000405s ]
SQL: SHOW COLUMNS FROM `tp_menu_admin` [ RunTime:0.0023s ]
SQL: SELECT * FROM `tp_menu_admin` WHERE `status` = 1 ORDER BY sort asc  [ RunTime:0.0004s ]
SQL: SHOW COLUMNS FROM `tp_admin` [ RunTime:0.0022s ]
SQL: SELECT * FROM `tp_admin` WHERE `account` = 'admin' LIMIT 1   [ RunTime:0.0002s ]
SQL: SHOW COLUMNS FROM `tp_company` [ RunTime:0.0020s ]
SQL: SELECT COUNT(*) AS tp_count FROM `tp_company` LIMIT 1   [ RunTime:0.0001s ]
SQL: SELECT * FROM `tp_company` ORDER BY sort desc LIMIT 0,10   [ RunTime:0.0003s ]
INFO: [ view_parse ] --START--
INFO: [ template_filter ] --START--
INFO: Run Behavior\ContentReplaceBehavior [ RunTime:0.000122s ]
INFO: [ template_filter ] --END-- [ RunTime:0.000229s ]
NOTIC: [8] Undefined index: title D:\diguo_warmpserver-2.5\exe\wamp\www\weishijiao\App\Runtime\Cache\Admin\87a5662ab23a3a0bb836db0c938edbcc.php 第 222 行.
NOTIC: [8] Undefined index: title D:\diguo_warmpserver-2.5\exe\wamp\www\weishijiao\App\Runtime\Cache\Admin\87a5662ab23a3a0bb836db0c938edbcc.php 第 222 行.
NOTIC: [8] Undefined index: title D:\diguo_warmpserver-2.5\exe\wamp\www\weishijiao\App\Runtime\Cache\Admin\87a5662ab23a3a0bb836db0c938edbcc.php 第 222 行.
NOTIC: [8] Undefined variable: not_found D:\diguo_warmpserver-2.5\exe\wamp\www\weishijiao\App\Runtime\Cache\Admin\87a5662ab23a3a0bb836db0c938edbcc.php 第 251 行.
INFO: Run Behavior\ParseTemplateBehavior [ RunTime:0.012952s ]
INFO: [ view_parse ] --END-- [ RunTime:0.013053s ]
INFO: [ view_filter ] --START--
INFO: Run Behavior\WriteHtmlCacheBehavior [ RunTime:0.000298s ]
INFO: [ view_filter ] --END-- [ RunTime:0.000391s ]
INFO: [ app_end ] --START--
INFO: Run Behavior\ShowPageTraceBehavior [ RunTime:0.000505s ]
INFO: [ app_end ] --END-- [ RunTime:0.000643s ]

[ 2016-05-23T17:48:58+08:00 ] 127.0.0.1 /public/js/function.js
INFO: [ app_init ] --START--
INFO: Run Behavior\BuildLiteBehavior [ RunTime:0.000035s ]
INFO: [ app_init ] --END-- [ RunTime:0.000468s ]
INFO: [ app_begin ] --START--
INFO: Run Behavior\ReadHtmlCacheBehavior [ RunTime:0.000456s ]
INFO: [ app_begin ] --END-- [ RunTime:0.000634s ]
ERR: 无法加载控制器:Public

[ 2016-05-23T17:48:58+08:00 ] 127.0.0.1 /public/js/artDialog/jquery.artDialog.js?skin=blue
INFO: [ app_init ] --START--
INFO: Run Behavior\BuildLiteBehavior [ RunTime:0.000039s ]
INFO: [ app_init ] --END-- [ RunTime:0.000522s ]
INFO: [ app_begin ] --START--
INFO: Run Behavior\ReadHtmlCacheBehavior [ RunTime:0.000319s ]
INFO: [ app_begin ] --END-- [ RunTime:0.000422s ]
ERR: 无法加载控制器:Public

[ 2016-05-23T17:48:58+08:00 ] 127.0.0.1 /public/js/artDialog/plugins/iframeTools.js
INFO: [ app_init ] --START--
INFO: Run Behavior\BuildLiteBehavior [ RunTime:0.000035s ]
INFO: [ app_init ] --END-- [ RunTime:0.000482s ]
INFO: [ app_begin ] --START--
INFO: Run Behavior\ReadHtmlCacheBehavior [ RunTime:0.000883s ]
INFO: [ app_begin ] --END-- [ RunTime:0.001065s ]
ERR: 无法加载控制器:Public

[ 2016-05-23T17:48:58+08:00 ] 127.0.0.1 /index.php/Company/gindex.html
INFO: [ app_init ] --START--
INFO: Run Behavior\BuildLiteBehavior [ RunTime:0.000021s ]
INFO: [ app_init ] --END-- [ RunTime:0.000294s ]
INFO: [ app_begin ] --START--
INFO: Run Behavior\ReadHtmlCacheBehavior [ RunTime:0.000308s ]
INFO: [ app_begin ] --END-- [ RunTime:0.000416s ]
SQL: SHOW COLUMNS FROM `tp_menu_admin` [ RunTime:0.0024s ]
SQL: SELECT * FROM `tp_menu_admin` WHERE `status` = 1 ORDER BY sort asc  [ RunTime:0.0004s ]
SQL: SHOW COLUMNS FROM `tp_admin` [ RunTime:0.0021s ]
SQL: SELECT * FROM `tp_admin` WHERE `account` = 'admin' LIMIT 1   [ RunTime:0.0002s ]
SQL: SHOW COLUMNS FROM `tp_company` [ RunTime:0.0020s ]
SQL: SELECT COUNT(*) AS tp_count FROM `tp_company` LIMIT 1   [ RunTime:0.0001s ]
SQL: SELECT * FROM `tp_company` ORDER BY sort desc LIMIT 0,10   [ RunTime:0.0002s ]
INFO: [ view_parse ] --START--
INFO: [ template_filter ] --START--
INFO: Run Behavior\ContentReplaceBehavior [ RunTime:0.000120s ]
INFO: [ template_filter ] --END-- [ RunTime:0.000225s ]
NOTIC: [8] Undefined index: title D:\diguo_warmpserver-2.5\exe\wamp\www\weishijiao\App\Runtime\Cache\Admin\87a5662ab23a3a0bb836db0c938edbcc.php 第 222 行.
NOTIC: [8] Undefined index: title D:\diguo_warmpserver-2.5\exe\wamp\www\weishijiao\App\Runtime\Cache\Admin\87a5662ab23a3a0bb836db0c938edbcc.php 第 222 行.
NOTIC: [8] Undefined index: title D:\diguo_warmpserver-2.5\exe\wamp\www\weishijiao\App\Runtime\Cache\Admin\87a5662ab23a3a0bb836db0c938edbcc.php 第 222 行.
NOTIC: [8] Undefined variable: not_found D:\diguo_warmpserver-2.5\exe\wamp\www\weishijiao\App\Runtime\Cache\Admin\87a5662ab23a3a0bb836db0c938edbcc.php 第 251 行.
INFO: Run Behavior\ParseTemplateBehavior [ RunTime:0.012636s ]
INFO: [ view_parse ] --END-- [ RunTime:0.012737s ]
INFO: [ view_filter ] --START--
INFO: Run Behavior\WriteHtmlCacheBehavior [ RunTime:0.000286s ]
INFO: [ view_filter ] --END-- [ RunTime:0.000377s ]
INFO: [ app_end ] --START--
INFO: Run Behavior\ShowPageTraceBehavior [ RunTime:0.000460s ]
INFO: [ app_end ] --END-- [ RunTime:0.000582s ]

[ 2016-05-23T17:48:58+08:00 ] 127.0.0.1 /public/js/function.js
INFO: [ app_init ] --START--
INFO: Run Behavior\BuildLiteBehavior [ RunTime:0.000037s ]
INFO: [ app_init ] --END-- [ RunTime:0.000464s ]
INFO: [ app_begin ] --START--
INFO: Run Behavior\ReadHtmlCacheBehavior [ RunTime:0.000483s ]
INFO: [ app_begin ] --END-- [ RunTime:0.000661s ]
ERR: 无法加载控制器:Public

[ 2016-05-23T17:48:58+08:00 ] 127.0.0.1 /public/js/artDialog/plugins/iframeTools.js
INFO: [ app_init ] --START--
INFO: Run Behavior\BuildLiteBehavior [ RunTime:0.000038s ]
INFO: [ app_init ] --END-- [ RunTime:0.000487s ]
INFO: [ app_begin ] --START--
INFO: Run Behavior\ReadHtmlCacheBehavior [ RunTime:0.000477s ]
INFO: [ app_begin ] --END-- [ RunTime:0.000644s ]
ERR: 无法加载控制器:Public

[ 2016-05-23T17:48:58+08:00 ] 127.0.0.1 /public/js/artDialog/jquery.artDialog.js?skin=blue
INFO: [ app_init ] --START--
INFO: Run Behavior\BuildLiteBehavior [ RunTime:0.000035s ]
INFO: [ app_init ] --END-- [ RunTime:0.000474s ]
INFO: [ app_begin ] --START--
INFO: Run Behavior\ReadHtmlCacheBehavior [ RunTime:0.000480s ]
INFO: [ app_begin ] --END-- [ RunTime:0.000690s ]
ERR: 无法加载控制器:Public

[ 2016-05-23T17:48:58+08:00 ] 127.0.0.1 /index.php/Company/gindex.html
INFO: [ app_init ] --START--
INFO: Run Behavior\BuildLiteBehavior [ RunTime:0.000021s ]
INFO: [ app_init ] --END-- [ RunTime:0.000292s ]
INFO: [ app_begin ] --START--
INFO: Run Behavior\ReadHtmlCacheBehavior [ RunTime:0.000305s ]
INFO: [ app_begin ] --END-- [ RunTime:0.000415s ]
SQL: SHOW COLUMNS FROM `tp_menu_admin` [ RunTime:0.0020s ]
SQL: SELECT * FROM `tp_menu_admin` WHERE `status` = 1 ORDER BY sort asc  [ RunTime:0.0003s ]
SQL: SHOW COLUMNS FROM `tp_admin` [ RunTime:0.0019s ]
SQL: SELECT * FROM `tp_admin` WHERE `account` = 'admin' LIMIT 1   [ RunTime:0.0003s ]
SQL: SHOW COLUMNS FROM `tp_company` [ RunTime:0.0020s ]
SQL: SELECT COUNT(*) AS tp_count FROM `tp_company` LIMIT 1   [ RunTime:0.0001s ]
SQL: SELECT * FROM `tp_company` ORDER BY sort desc LIMIT 0,10   [ RunTime:0.0003s ]
INFO: [ view_parse ] --START--
INFO: [ template_filter ] --START--
INFO: Run Behavior\ContentReplaceBehavior [ RunTime:0.000121s ]
INFO: [ template_filter ] --END-- [ RunTime:0.000229s ]
NOTIC: [8] Undefined index: title D:\diguo_warmpserver-2.5\exe\wamp\www\weishijiao\App\Runtime\Cache\Admin\87a5662ab23a3a0bb836db0c938edbcc.php 第 222 行.
NOTIC: [8] Undefined index: title D:\diguo_warmpserver-2.5\exe\wamp\www\weishijiao\App\Runtime\Cache\Admin\87a5662ab23a3a0bb836db0c938edbcc.php 第 222 行.
NOTIC: [8] Undefined index: title D:\diguo_warmpserver-2.5\exe\wamp\www\weishijiao\App\Runtime\Cache\Admin\87a5662ab23a3a0bb836db0c938edbcc.php 第 222 行.
NOTIC: [8] Undefined variable: not_found D:\diguo_warmpserver-2.5\exe\wamp\www\weishijiao\App\Runtime\Cache\Admin\87a5662ab23a3a0bb836db0c938edbcc.php 第 251 行.
INFO: Run Behavior\ParseTemplateBehavior [ RunTime:0.016608s ]
INFO: [ view_parse ] --END-- [ RunTime:0.016757s ]
INFO: [ view_filter ] --START--
INFO: Run Behavior\WriteHtmlCacheBehavior [ RunTime:0.000372s ]
INFO: [ view_filter ] --END-- [ RunTime:0.000466s ]
INFO: [ app_end ] --START--
INFO: Run Behavior\ShowPageTraceBehavior [ RunTime:0.000557s ]
INFO: [ app_end ] --END-- [ RunTime:0.000696s ]

[ 2016-05-23T17:48:59+08:00 ] 127.0.0.1 /public/js/artDialog/jquery.artDialog.js?skin=blue
INFO: [ app_init ] --START--
INFO: Run Behavior\BuildLiteBehavior [ RunTime:0.000038s ]
INFO: [ app_init ] --END-- [ RunTime:0.000479s ]
INFO: [ app_begin ] --START--
INFO: Run Behavior\ReadHtmlCacheBehavior [ RunTime:0.000494s ]
INFO: [ app_begin ] --END-- [ RunTime:0.000681s ]
ERR: 无法加载控制器:Public

[ 2016-05-23T17:48:59+08:00 ] 127.0.0.1 /public/js/function.js
INFO: [ app_init ] --START--
INFO: Run Behavior\BuildLiteBehavior [ RunTime:0.000037s ]
INFO: [ app_init ] --END-- [ RunTime:0.000461s ]
INFO: [ app_begin ] --START--
INFO: Run Behavior\ReadHtmlCacheBehavior [ RunTime:0.000487s ]
INFO: [ app_begin ] --END-- [ RunTime:0.000667s ]
ERR: 无法加载控制器:Public

[ 2016-05-23T17:48:59+08:00 ] 127.0.0.1 /public/js/artDialog/plugins/iframeTools.js
INFO: [ app_init ] --START--
INFO: Run Behavior\BuildLiteBehavior [ RunTime:0.000039s ]
INFO: [ app_init ] --END-- [ RunTime:0.000860s ]
INFO: [ app_begin ] --START--
INFO: Run Behavior\ReadHtmlCacheBehavior [ RunTime:0.001110s ]
INFO: [ app_begin ] --END-- [ RunTime:0.001346s ]
ERR: 无法加载控制器:Public

[ 2016-05-23T17:48:59+08:00 ] 127.0.0.1 /index.php/Company/gindex.html
INFO: [ app_init ] --START--
INFO: Run Behavior\BuildLiteBehavior [ RunTime:0.000022s ]
INFO: [ app_init ] --END-- [ RunTime:0.000298s ]
INFO: [ app_begin ] --START--
INFO: Run Behavior\ReadHtmlCacheBehavior [ RunTime:0.000310s ]
INFO: [ app_begin ] --END-- [ RunTime:0.000418s ]
SQL: SHOW COLUMNS FROM `tp_menu_admin` [ RunTime:0.0021s ]
SQL: SELECT * FROM `tp_menu_admin` WHERE `status` = 1 ORDER BY sort asc  [ RunTime:0.0004s ]
SQL: SHOW COLUMNS FROM `tp_admin` [ RunTime:0.0020s ]
SQL: SELECT * FROM `tp_admin` WHERE `account` = 'admin' LIMIT 1   [ RunTime:0.0002s ]
SQL: SHOW COLUMNS FROM `tp_company` [ RunTime:0.0019s ]
SQL: SELECT COUNT(*) AS tp_count FROM `tp_company` LIMIT 1   [ RunTime:0.0001s ]
SQL: SELECT * FROM `tp_company` ORDER BY sort desc LIMIT 0,10   [ RunTime:0.0002s ]
INFO: [ view_parse ] --START--
INFO: [ template_filter ] --START--
INFO: Run Behavior\ContentReplaceBehavior [ RunTime:0.000122s ]
INFO: [ template_filter ] --END-- [ RunTime:0.000231s ]
NOTIC: [8] Undefined index: title D:\diguo_warmpserver-2.5\exe\wamp\www\weishijiao\App\Runtime\Cache\Admin\87a5662ab23a3a0bb836db0c938edbcc.php 第 222 行.
NOTIC: [8] Undefined index: title D:\diguo_warmpserver-2.5\exe\wamp\www\weishijiao\App\Runtime\Cache\Admin\87a5662ab23a3a0bb836db0c938edbcc.php 第 222 行.
NOTIC: [8] Undefined index: title D:\diguo_warmpserver-2.5\exe\wamp\www\weishijiao\App\Runtime\Cache\Admin\87a5662ab23a3a0bb836db0c938edbcc.php 第 222 行.
NOTIC: [8] Undefined variable: not_found D:\diguo_warmpserver-2.5\exe\wamp\www\weishijiao\App\Runtime\Cache\Admin\87a5662ab23a3a0bb836db0c938edbcc.php 第 251 行.
INFO: Run Behavior\ParseTemplateBehavior [ RunTime:0.012907s ]
INFO: [ view_parse ] --END-- [ RunTime:0.013009s ]
INFO: [ view_filter ] --START--
INFO: Run Behavior\WriteHtmlCacheBehavior [ RunTime:0.000316s ]
INFO: [ view_filter ] --END-- [ RunTime:0.000409s ]
INFO: [ app_end ] --START--
INFO: Run Behavior\ShowPageTraceBehavior [ RunTime:0.000468s ]
INFO: [ app_end ] --END-- [ RunTime:0.000589s ]

[ 2016-05-23T17:48:59+08:00 ] 127.0.0.1 /public/js/function.js
INFO: [ app_init ] --START--
INFO: Run Behavior\BuildLiteBehavior [ RunTime:0.000033s ]
INFO: [ app_init ] --END-- [ RunTime:0.000426s ]
INFO: [ app_begin ] --START--
INFO: Run Behavior\ReadHtmlCacheBehavior [ RunTime:0.000477s ]
INFO: [ app_begin ] --END-- [ RunTime:0.000668s ]
ERR: 无法加载控制器:Public

[ 2016-05-23T17:48:59+08:00 ] 127.0.0.1 /public/js/artDialog/plugins/iframeTools.js
INFO: [ app_init ] --START--
INFO: Run Behavior\BuildLiteBehavior [ RunTime:0.000038s ]
INFO: [ app_init ] --END-- [ RunTime:0.000479s ]
INFO: [ app_begin ] --START--
INFO: Run Behavior\ReadHtmlCacheBehavior [ RunTime:0.000476s ]
INFO: [ app_begin ] --END-- [ RunTime:0.000673s ]
ERR: 无法加载控制器:Public

[ 2016-05-23T17:48:59+08:00 ] 127.0.0.1 /public/js/artDialog/jquery.artDialog.js?skin=blue
INFO: [ app_init ] --START--
INFO: Run Behavior\BuildLiteBehavior [ RunTime:0.000038s ]
INFO: [ app_init ] --END-- [ RunTime:0.000474s ]
INFO: [ app_begin ] --START--
INFO: Run Behavior\ReadHtmlCacheBehavior [ RunTime:0.000483s ]
INFO: [ app_begin ] --END-- [ RunTime:0.000657s ]
ERR: 无法加载控制器:Public

[ 2016-05-23T17:49:01+08:00 ] 127.0.0.1 /index.php/Menu/index.html
INFO: [ app_init ] --START--
INFO: Run Behavior\BuildLiteBehavior [ RunTime:0.000023s ]
INFO: [ app_init ] --END-- [ RunTime:0.000318s ]
INFO: [ app_begin ] --START--
INFO: Run Behavior\ReadHtmlCacheBehavior [ RunTime:0.000298s ]
INFO: [ app_begin ] --END-- [ RunTime:0.000397s ]
SQL: SHOW COLUMNS FROM `tp_menu_admin` [ RunTime:0.0023s ]
SQL: SELECT * FROM `tp_menu_admin` WHERE `status` = 1 ORDER BY sort asc  [ RunTime:0.0004s ]
SQL: SHOW COLUMNS FROM `tp_admin` [ RunTime:0.0021s ]
SQL: SELECT * FROM `tp_admin` WHERE `account` = 'admin' LIMIT 1   [ RunTime:0.0002s ]
SQL: SELECT * FROM `tp_menu_admin` ORDER BY sort asc  [ RunTime:0.0003s ]
INFO: [ view_parse ] --START--
INFO: [ template_filter ] --START--
INFO: Run Behavior\ContentReplaceBehavior [ RunTime:0.000155s ]
INFO: [ template_filter ] --END-- [ RunTime:0.000262s ]
NOTIC: [8] Undefined variable: menusub1 D:\diguo_warmpserver-2.5\exe\wamp\www\weishijiao\App\Runtime\Cache\Admin\0e9f775b14f17306a9f43d2a7cc0537c.php 第 310 行.
NOTIC: [8] Undefined variable: menusub1 D:\diguo_warmpserver-2.5\exe\wamp\www\weishijiao\App\Runtime\Cache\Admin\0e9f775b14f17306a9f43d2a7cc0537c.php 第 310 行.
NOTIC: [8] Undefined variable: menusub1 D:\diguo_warmpserver-2.5\exe\wamp\www\weishijiao\App\Runtime\Cache\Admin\0e9f775b14f17306a9f43d2a7cc0537c.php 第 310 行.
NOTIC: [8] Undefined variable: menusub1 D:\diguo_warmpserver-2.5\exe\wamp\www\weishijiao\App\Runtime\Cache\Admin\0e9f775b14f17306a9f43d2a7cc0537c.php 第 310 行.
NOTIC: [8] Undefined variable: menusub1 D:\diguo_warmpserver-2.5\exe\wamp\www\weishijiao\App\Runtime\Cache\Admin\0e9f775b14f17306a9f43d2a7cc0537c.php 第 310 行.
NOTIC: [8] Undefined variable: menusub1 D:\diguo_warmpserver-2.5\exe\wamp\www\weishijiao\App\Runtime\Cache\Admin\0e9f775b14f17306a9f43d2a7cc0537c.php 第 310 行.
NOTIC: [8] Undefined variable: menusub1 D:\diguo_warmpserver-2.5\exe\wamp\www\weishijiao\App\Runtime\Cache\Admin\0e9f775b14f17306a9f43d2a7cc0537c.php 第 310 行.
NOTIC: [8] Undefined variable: menusub1 D:\diguo_warmpserver-2.5\exe\wamp\www\weishijiao\App\Runtime\Cache\Admin\0e9f775b14f17306a9f43d2a7cc0537c.php 第 310 行.
NOTIC: [8] Undefined variable: menusub1 D:\diguo_warmpserver-2.5\exe\wamp\www\weishijiao\App\Runtime\Cache\Admin\0e9f775b14f17306a9f43d2a7cc0537c.php 第 310 行.
NOTIC: [8] Undefined variable: menusub1 D:\diguo_warmpserver-2.5\exe\wamp\www\weishijiao\App\Runtime\Cache\Admin\0e9f775b14f17306a9f43d2a7cc0537c.php 第 310 行.
NOTIC: [8] Undefined variable: menusub1 D:\diguo_warmpserver-2.5\exe\wamp\www\weishijiao\App\Runtime\Cache\Admin\0e9f775b14f17306a9f43d2a7cc0537c.php 第 310 行.
NOTIC: [8] Undefined variable: menusub1 D:\diguo_warmpserver-2.5\exe\wamp\www\weishijiao\App\Runtime\Cache\Admin\0e9f775b14f17306a9f43d2a7cc0537c.php 第 310 行.
NOTIC: [8] Undefined variable: menusub1 D:\diguo_warmpserver-2.5\exe\wamp\www\weishijiao\App\Runtime\Cache\Admin\0e9f775b14f17306a9f43d2a7cc0537c.php 第 310 行.
NOTIC: [8] Undefined variable: menusub1 D:\diguo_warmpserver-2.5\exe\wamp\www\weishijiao\App\Runtime\Cache\Admin\0e9f775b14f17306a9f43d2a7cc0537c.php 第 310 行.
NOTIC: [8] Undefined variable: menusub1 D:\diguo_warmpserver-2.5\exe\wamp\www\weishijiao\App\Runtime\Cache\Admin\0e9f775b14f17306a9f43d2a7cc0537c.php 第 310 行.
NOTIC: [8] Undefined variable: menusub1 D:\diguo_warmpserver-2.5\exe\wamp\www\weishijiao\App\Runtime\Cache\Admin\0e9f775b14f17306a9f43d2a7cc0537c.php 第 310 行.
NOTIC: [8] Undefined variable: menusub1 D:\diguo_warmpserver-2.5\exe\wamp\www\weishijiao\App\Runtime\Cache\Admin\0e9f775b14f17306a9f43d2a7cc0537c.php 第 310 行.
NOTIC: [8] Undefined variable: menusub1 D:\diguo_warmpserver-2.5\exe\wamp\www\weishijiao\App\Runtime\Cache\Admin\0e9f775b14f17306a9f43d2a7cc0537c.php 第 310 行.
INFO: Run Behavior\ParseTemplateBehavior [ RunTime:0.039040s ]
INFO: [ view_parse ] --END-- [ RunTime:0.039146s ]
INFO: [ view_filter ] --START--
INFO: Run Behavior\WriteHtmlCacheBehavior [ RunTime:0.000412s ]
INFO: [ view_filter ] --END-- [ RunTime:0.000514s ]
INFO: [ app_end ] --START--
INFO: Run Behavior\ShowPageTraceBehavior [ RunTime:0.000589s ]
INFO: [ app_end ] --END-- [ RunTime:0.000791s ]

[ 2016-05-23T17:53:10+08:00 ] 127.0.0.1 /index.php/Menu/add.html
INFO: [ app_init ] --START--
INFO: Run Behavior\BuildLiteBehavior [ RunTime:0.000022s ]
INFO: [ app_init ] --END-- [ RunTime:0.000327s ]
INFO: [ app_begin ] --START--
INFO: Run Behavior\ReadHtmlCacheBehavior [ RunTime:0.000376s ]
INFO: [ app_begin ] --END-- [ RunTime:0.000480s ]
SQL: SHOW COLUMNS FROM `tp_menu_admin` [ RunTime:0.0027s ]
SQL: SELECT * FROM `tp_menu_admin` WHERE `status` = 1 ORDER BY sort asc  [ RunTime:0.0004s ]
SQL: SHOW COLUMNS FROM `tp_admin` [ RunTime:0.0022s ]
SQL: SELECT * FROM `tp_admin` WHERE `account` = 'admin' LIMIT 1   [ RunTime:0.0003s ]
INFO: [ view_parse ] --START--
INFO: [ template_filter ] --START--
INFO: Run Behavior\ContentReplaceBehavior [ RunTime:0.000120s ]
INFO: [ template_filter ] --END-- [ RunTime:0.000228s ]
INFO: Run Behavior\ParseTemplateBehavior [ RunTime:0.018315s ]
INFO: [ view_parse ] --END-- [ RunTime:0.018423s ]
INFO: [ view_filter ] --START--
INFO: Run Behavior\WriteHtmlCacheBehavior [ RunTime:0.000301s ]
INFO: [ view_filter ] --END-- [ RunTime:0.000395s ]
INFO: [ app_end ] --START--
INFO: Run Behavior\ShowPageTraceBehavior [ RunTime:0.000554s ]
INFO: [ app_end ] --END-- [ RunTime:0.000661s ]

[ 2016-05-23T17:53:40+08:00 ] 127.0.0.1 /index.php/Menu/add.html
INFO: [ app_init ] --START--
INFO: Run Behavior\BuildLiteBehavior [ RunTime:0.000023s ]
INFO: [ app_init ] --END-- [ RunTime:0.000299s ]
INFO: [ app_begin ] --START--
INFO: Run Behavior\ReadHtmlCacheBehavior [ RunTime:0.000389s ]
INFO: [ app_begin ] --END-- [ RunTime:0.000509s ]
SQL: SHOW COLUMNS FROM `tp_menu_admin` [ RunTime:0.0020s ]
SQL: SELECT * FROM `tp_menu_admin` WHERE `status` = 1 ORDER BY sort asc  [ RunTime:0.0005s ]
SQL: SHOW COLUMNS FROM `tp_admin` [ RunTime:0.0021s ]
SQL: SELECT * FROM `tp_admin` WHERE `account` = 'admin' LIMIT 1   [ RunTime:0.0002s ]
NOTIC: [8] Undefined index: validate D:\diguo_warmpserver-2.5\exe\wamp\www\weishijiao\Core\Library\Think\Model.class.php 第 1185 行.
NOTIC: [8] Undefined index: auto D:\diguo_warmpserver-2.5\exe\wamp\www\weishijiao\Core\Library\Think\Model.class.php 第 1128 行.
SQL: INSERT INTO `tp_menu_admin` (`name`,`path`,`is_menu`,`status`,`icon`,`parent`,`sort`) VALUES ('分组列表','talk/index','1','1','dfdf','67','255') [ RunTime:0.0380s ]

[ 2016-05-23T17:53:41+08:00 ] 127.0.0.1 /index.php/Menu/add.html
INFO: [ app_init ] --START--
INFO: Run Behavior\BuildLiteBehavior [ RunTime:0.000024s ]
INFO: [ app_init ] --END-- [ RunTime:0.000488s ]
INFO: [ app_begin ] --START--
INFO: Run Behavior\ReadHtmlCacheBehavior [ RunTime:0.000376s ]
INFO: [ app_begin ] --END-- [ RunTime:0.000491s ]
SQL: SHOW COLUMNS FROM `tp_menu_admin` [ RunTime:0.0024s ]
SQL: SELECT * FROM `tp_menu_admin` WHERE `status` = 1 ORDER BY sort asc  [ RunTime:0.0004s ]
SQL: SHOW COLUMNS FROM `tp_admin` [ RunTime:0.0024s ]
SQL: SELECT * FROM `tp_admin` WHERE `account` = 'admin' LIMIT 1   [ RunTime:0.0003s ]
INFO: [ view_parse ] --START--
INFO: [ template_filter ] --START--
INFO: Run Behavior\ContentReplaceBehavior [ RunTime:0.000124s ]
INFO: [ template_filter ] --END-- [ RunTime:0.000239s ]
INFO: Run Behavior\ParseTemplateBehavior [ RunTime:0.012757s ]
INFO: [ view_parse ] --END-- [ RunTime:0.012869s ]
INFO: [ view_filter ] --START--
INFO: Run Behavior\WriteHtmlCacheBehavior [ RunTime:0.000312s ]
INFO: [ view_filter ] --END-- [ RunTime:0.000407s ]
INFO: [ app_end ] --START--
INFO: Run Behavior\ShowPageTraceBehavior [ RunTime:0.000855s ]
INFO: [ app_end ] --END-- [ RunTime:0.001033s ]

[ 2016-05-23T17:53:43+08:00 ] 127.0.0.1 /index.php/Menu/index.html
INFO: [ app_init ] --START--
INFO: Run Behavior\BuildLiteBehavior [ RunTime:0.000021s ]
INFO: [ app_init ] --END-- [ RunTime:0.000338s ]
INFO: [ app_begin ] --START--
INFO: Run Behavior\ReadHtmlCacheBehavior [ RunTime:0.000376s ]
INFO: [ app_begin ] --END-- [ RunTime:0.000474s ]
SQL: SHOW COLUMNS FROM `tp_menu_admin` [ RunTime:0.0021s ]
SQL: SELECT * FROM `tp_menu_admin` WHERE `status` = 1 ORDER BY sort asc  [ RunTime:0.0004s ]
SQL: SHOW COLUMNS FROM `tp_admin` [ RunTime:0.0021s ]
SQL: SELECT * FROM `tp_admin` WHERE `account` = 'admin' LIMIT 1   [ RunTime:0.0002s ]
SQL: SELECT * FROM `tp_menu_admin` ORDER BY sort asc  [ RunTime:0.0003s ]
INFO: [ view_parse ] --START--
INFO: [ template_filter ] --START--
INFO: Run Behavior\ContentReplaceBehavior [ RunTime:0.000149s ]
INFO: [ template_filter ] --END-- [ RunTime:0.000255s ]
NOTIC: [8] Undefined variable: menusub1 D:\diguo_warmpserver-2.5\exe\wamp\www\weishijiao\App\Runtime\Cache\Admin\0e9f775b14f17306a9f43d2a7cc0537c.php 第 310 行.
NOTIC: [8] Undefined variable: menusub1 D:\diguo_warmpserver-2.5\exe\wamp\www\weishijiao\App\Runtime\Cache\Admin\0e9f775b14f17306a9f43d2a7cc0537c.php 第 310 行.
NOTIC: [8] Undefined variable: menusub1 D:\diguo_warmpserver-2.5\exe\wamp\www\weishijiao\App\Runtime\Cache\Admin\0e9f775b14f17306a9f43d2a7cc0537c.php 第 310 行.
NOTIC: [8] Undefined variable: menusub1 D:\diguo_warmpserver-2.5\exe\wamp\www\weishijiao\App\Runtime\Cache\Admin\0e9f775b14f17306a9f43d2a7cc0537c.php 第 310 行.
NOTIC: [8] Undefined variable: menusub1 D:\diguo_warmpserver-2.5\exe\wamp\www\weishijiao\App\Runtime\Cache\Admin\0e9f775b14f17306a9f43d2a7cc0537c.php 第 310 行.
NOTIC: [8] Undefined variable: menusub1 D:\diguo_warmpserver-2.5\exe\wamp\www\weishijiao\App\Runtime\Cache\Admin\0e9f775b14f17306a9f43d2a7cc0537c.php 第 310 行.
NOTIC: [8] Undefined variable: menusub1 D:\diguo_warmpserver-2.5\exe\wamp\www\weishijiao\App\Runtime\Cache\Admin\0e9f775b14f17306a9f43d2a7cc0537c.php 第 310 行.
NOTIC: [8] Undefined variable: menusub1 D:\diguo_warmpserver-2.5\exe\wamp\www\weishijiao\App\Runtime\Cache\Admin\0e9f775b14f17306a9f43d2a7cc0537c.php 第 310 行.
NOTIC: [8] Undefined variable: menusub1 D:\diguo_warmpserver-2.5\exe\wamp\www\weishijiao\App\Runtime\Cache\Admin\0e9f775b14f17306a9f43d2a7cc0537c.php 第 310 行.
NOTIC: [8] Undefined variable: menusub1 D:\diguo_warmpserver-2.5\exe\wamp\www\weishijiao\App\Runtime\Cache\Admin\0e9f775b14f17306a9f43d2a7cc0537c.php 第 310 行.
NOTIC: [8] Undefined variable: menusub1 D:\diguo_warmpserver-2.5\exe\wamp\www\weishijiao\App\Runtime\Cache\Admin\0e9f775b14f17306a9f43d2a7cc0537c.php 第 310 行.
NOTIC: [8] Undefined variable: menusub1 D:\diguo_warmpserver-2.5\exe\wamp\www\weishijiao\App\Runtime\Cache\Admin\0e9f775b14f17306a9f43d2a7cc0537c.php 第 310 行.
NOTIC: [8] Undefined variable: menusub1 D:\diguo_warmpserver-2.5\exe\wamp\www\weishijiao\App\Runtime\Cache\Admin\0e9f775b14f17306a9f43d2a7cc0537c.php 第 310 行.
NOTIC: [8] Undefined variable: menusub1 D:\diguo_warmpserver-2.5\exe\wamp\www\weishijiao\App\Runtime\Cache\Admin\0e9f775b14f17306a9f43d2a7cc0537c.php 第 310 行.
NOTIC: [8] Undefined variable: menusub1 D:\diguo_warmpserver-2.5\exe\wamp\www\weishijiao\App\Runtime\Cache\Admin\0e9f775b14f17306a9f43d2a7cc0537c.php 第 310 行.
NOTIC: [8] Undefined variable: menusub1 D:\diguo_warmpserver-2.5\exe\wamp\www\weishijiao\App\Runtime\Cache\Admin\0e9f775b14f17306a9f43d2a7cc0537c.php 第 310 行.
NOTIC: [8] Undefined variable: menusub1 D:\diguo_warmpserver-2.5\exe\wamp\www\weishijiao\App\Runtime\Cache\Admin\0e9f775b14f17306a9f43d2a7cc0537c.php 第 310 行.
NOTIC: [8] Undefined variable: menusub1 D:\diguo_warmpserver-2.5\exe\wamp\www\weishijiao\App\Runtime\Cache\Admin\0e9f775b14f17306a9f43d2a7cc0537c.php 第 310 行.
NOTIC: [8] Undefined variable: menusub1 D:\diguo_warmpserver-2.5\exe\wamp\www\weishijiao\App\Runtime\Cache\Admin\0e9f775b14f17306a9f43d2a7cc0537c.php 第 310 行.
INFO: Run Behavior\ParseTemplateBehavior [ RunTime:0.019514s ]
INFO: [ view_parse ] --END-- [ RunTime:0.019614s ]
INFO: [ view_filter ] --START--
INFO: Run Behavior\WriteHtmlCacheBehavior [ RunTime:0.000295s ]
INFO: [ view_filter ] --END-- [ RunTime:0.000386s ]
INFO: [ app_end ] --START--
INFO: Run Behavior\ShowPageTraceBehavior [ RunTime:0.000487s ]
INFO: [ app_end ] --END-- [ RunTime:0.000651s ]

[ 2016-05-23T17:53:53+08:00 ] 127.0.0.1 /
INFO: [ app_init ] --START--
INFO: Run Behavior\BuildLiteBehavior [ RunTime:0.000024s ]
INFO: [ app_init ] --END-- [ RunTime:0.000312s ]
INFO: [ app_begin ] --START--
INFO: Run Behavior\ReadHtmlCacheBehavior [ RunTime:0.000321s ]
INFO: [ app_begin ] --END-- [ RunTime:0.000421s ]
SQL: SHOW COLUMNS FROM `tp_menu_admin` [ RunTime:0.0037s ]
SQL: SELECT * FROM `tp_menu_admin` WHERE `status` = 1 ORDER BY sort asc  [ RunTime:0.0005s ]
SQL: SHOW COLUMNS FROM `tp_admin` [ RunTime:0.0023s ]
SQL: SELECT * FROM `tp_admin` WHERE `account` = 'admin' LIMIT 1   [ RunTime:0.0002s ]
INFO: [ view_parse ] --START--
INFO: [ template_filter ] --START--
INFO: Run Behavior\ContentReplaceBehavior [ RunTime:0.000092s ]
INFO: [ template_filter ] --END-- [ RunTime:0.000211s ]
INFO: Run Behavior\ParseTemplateBehavior [ RunTime:0.014935s ]
INFO: [ view_parse ] --END-- [ RunTime:0.015053s ]
INFO: [ view_filter ] --START--
INFO: Run Behavior\WriteHtmlCacheBehavior [ RunTime:0.000327s ]
INFO: [ view_filter ] --END-- [ RunTime:0.000421s ]
INFO: [ app_end ] --START--
INFO: Run Behavior\ShowPageTraceBehavior [ RunTime:0.000571s ]
INFO: [ app_end ] --END-- [ RunTime:0.000732s ]

[ 2016-05-23T17:53:53+08:00 ] 127.0.0.1 /Uploads/2016-01-06/568ccc4c2d725.jpg
INFO: [ app_init ] --START--
INFO: Run Behavior\BuildLiteBehavior [ RunTime:0.000037s ]
INFO: [ app_init ] --END-- [ RunTime:0.000462s ]

[ 2016-05-23T17:53:53+08:00 ] 127.0.0.1 /index.php/index/content.html
INFO: [ app_init ] --START--
INFO: Run Behavior\BuildLiteBehavior [ RunTime:0.000024s ]
INFO: [ app_init ] --END-- [ RunTime:0.000387s ]
INFO: [ app_begin ] --START--
INFO: Run Behavior\ReadHtmlCacheBehavior [ RunTime:0.000463s ]
INFO: [ app_begin ] --END-- [ RunTime:0.000574s ]
SQL: SHOW COLUMNS FROM `tp_menu_admin` [ RunTime:0.0022s ]
SQL: SELECT * FROM `tp_menu_admin` WHERE `status` = 1 ORDER BY sort asc  [ RunTime:0.0004s ]
SQL: SHOW COLUMNS FROM `tp_admin` [ RunTime:0.0023s ]
SQL: SELECT * FROM `tp_admin` WHERE `account` = 'admin' LIMIT 1   [ RunTime:0.0003s ]
INFO: [ view_parse ] --START--
INFO: [ template_filter ] --START--
INFO: Run Behavior\ContentReplaceBehavior [ RunTime:0.000108s ]
INFO: [ template_filter ] --END-- [ RunTime:0.000221s ]
INFO: Run Behavior\ParseTemplateBehavior [ RunTime:0.008556s ]
INFO: [ view_parse ] --END-- [ RunTime:0.008721s ]
INFO: [ view_filter ] --START--
INFO: Run Behavior\WriteHtmlCacheBehavior [ RunTime:0.000485s ]
INFO: [ view_filter ] --END-- [ RunTime:0.000652s ]
INFO: [ app_end ] --START--
INFO: Run Behavior\ShowPageTraceBehavior [ RunTime:0.001200s ]
INFO: [ app_end ] --END-- [ RunTime:0.001396s ]

[ 2016-05-23T17:53:56+08:00 ] 127.0.0.1 /index.php/talk/index.html
INFO: [ app_init ] --START--
INFO: Run Behavior\BuildLiteBehavior [ RunTime:0.000022s ]
INFO: [ app_init ] --END-- [ RunTime:0.000296s ]
INFO: [ app_begin ] --START--
INFO: Run Behavior\ReadHtmlCacheBehavior [ RunTime:0.000322s ]
INFO: [ app_begin ] --END-- [ RunTime:0.000420s ]
SQL: SHOW COLUMNS FROM `tp_menu_admin` [ RunTime:0.0024s ]
SQL: SELECT * FROM `tp_menu_admin` WHERE `status` = 1 ORDER BY sort asc  [ RunTime:0.0004s ]
SQL: SHOW COLUMNS FROM `tp_admin` [ RunTime:0.0022s ]
SQL: SELECT * FROM `tp_admin` WHERE `account` = 'admin' LIMIT 1   [ RunTime:0.0002s ]
SQL: SHOW COLUMNS FROM `tp_talkgroup` [ RunTime:0.0020s ]

[ 2016-05-23T17:54:47+08:00 ] 127.0.0.1 /index.php/talk/index.html
INFO: [ app_init ] --START--
INFO: Run Behavior\BuildLiteBehavior [ RunTime:0.000024s ]
INFO: [ app_init ] --END-- [ RunTime:0.000292s ]
INFO: [ app_begin ] --START--
INFO: Run Behavior\ReadHtmlCacheBehavior [ RunTime:0.000324s ]
INFO: [ app_begin ] --END-- [ RunTime:0.000422s ]
SQL: SHOW COLUMNS FROM `tp_menu_admin` [ RunTime:0.0021s ]
SQL: SELECT * FROM `tp_menu_admin` WHERE `status` = 1 ORDER BY sort asc  [ RunTime:0.0004s ]
SQL: SHOW COLUMNS FROM `tp_admin` [ RunTime:0.0019s ]
SQL: SELECT * FROM `tp_admin` WHERE `account` = 'admin' LIMIT 1   [ RunTime:0.0002s ]
SQL: SHOW COLUMNS FROM `tp_talkgroup` [ RunTime:0.0018s ]
SQL: SELECT COUNT(*) AS tp_count FROM `tp_talkgroup` LIMIT 1   [ RunTime:0.0070s ]
ERR: Think\Model:Getlist方法不存在！

[ 2016-05-23T17:58:27+08:00 ] 127.0.0.1 /index.php/talk/index.html
INFO: [ app_init ] --START--
INFO: Run Behavior\BuildLiteBehavior [ RunTime:0.000022s ]
INFO: [ app_init ] --END-- [ RunTime:0.000338s ]
INFO: [ app_begin ] --START--
INFO: Run Behavior\ReadHtmlCacheBehavior [ RunTime:0.000386s ]
INFO: [ app_begin ] --END-- [ RunTime:0.000484s ]
SQL: SHOW COLUMNS FROM `tp_menu_admin` [ RunTime:0.0024s ]
SQL: SELECT * FROM `tp_menu_admin` WHERE `status` = 1 ORDER BY sort asc  [ RunTime:0.0004s ]
SQL: SHOW COLUMNS FROM `tp_admin` [ RunTime:0.0026s ]
SQL: SELECT * FROM `tp_admin` WHERE `account` = 'admin' LIMIT 1   [ RunTime:0.0002s ]
SQL: SHOW COLUMNS FROM `tp_talkgroup` [ RunTime:0.0024s ]
SQL: SELECT COUNT(*) AS tp_count FROM `tp_talkgroup` LIMIT 1   [ RunTime:0.0003s ]
ERR: Think\Model:Getlist方法不存在！

[ 2016-05-23T17:58:28+08:00 ] 127.0.0.1 /index.php/talk/index.html
INFO: [ app_init ] --START--
INFO: Run Behavior\BuildLiteBehavior [ RunTime:0.000022s ]
INFO: [ app_init ] --END-- [ RunTime:0.000299s ]
INFO: [ app_begin ] --START--
INFO: Run Behavior\ReadHtmlCacheBehavior [ RunTime:0.000412s ]
INFO: [ app_begin ] --END-- [ RunTime:0.000513s ]
SQL: SHOW COLUMNS FROM `tp_menu_admin` [ RunTime:0.0022s ]
SQL: SELECT * FROM `tp_menu_admin` WHERE `status` = 1 ORDER BY sort asc  [ RunTime:0.0004s ]
SQL: SHOW COLUMNS FROM `tp_admin` [ RunTime:0.0020s ]
SQL: SELECT * FROM `tp_admin` WHERE `account` = 'admin' LIMIT 1   [ RunTime:0.0002s ]
SQL: SHOW COLUMNS FROM `tp_talkgroup` [ RunTime:0.0020s ]
SQL: SELECT COUNT(*) AS tp_count FROM `tp_talkgroup` LIMIT 1   [ RunTime:0.0002s ]
ERR: Think\Model:Getlist方法不存在！

[ 2016-05-23T17:58:29+08:00 ] 127.0.0.1 /
INFO: [ app_init ] --START--
INFO: Run Behavior\BuildLiteBehavior [ RunTime:0.000022s ]
INFO: [ app_init ] --END-- [ RunTime:0.000322s ]
INFO: [ app_begin ] --START--
INFO: Run Behavior\ReadHtmlCacheBehavior [ RunTime:0.000309s ]
INFO: [ app_begin ] --END-- [ RunTime:0.000429s ]
SQL: SHOW COLUMNS FROM `tp_menu_admin` [ RunTime:0.0023s ]
SQL: SELECT * FROM `tp_menu_admin` WHERE `status` = 1 ORDER BY sort asc  [ RunTime:0.0004s ]
SQL: SHOW COLUMNS FROM `tp_admin` [ RunTime:0.0024s ]
SQL: SELECT * FROM `tp_admin` WHERE `account` = 'admin' LIMIT 1   [ RunTime:0.0002s ]
INFO: [ view_parse ] --START--
INFO: [ template_filter ] --START--
INFO: Run Behavior\ContentReplaceBehavior [ RunTime:0.000084s ]
INFO: [ template_filter ] --END-- [ RunTime:0.000190s ]
INFO: Run Behavior\ParseTemplateBehavior [ RunTime:0.016020s ]
INFO: [ view_parse ] --END-- [ RunTime:0.016136s ]
INFO: [ view_filter ] --START--
INFO: Run Behavior\WriteHtmlCacheBehavior [ RunTime:0.000483s ]
INFO: [ view_filter ] --END-- [ RunTime:0.000689s ]
INFO: [ app_end ] --START--
INFO: Run Behavior\ShowPageTraceBehavior [ RunTime:0.000523s ]
INFO: [ app_end ] --END-- [ RunTime:0.000644s ]

[ 2016-05-23T17:58:29+08:00 ] 127.0.0.1 /Uploads/2016-01-06/568ccc4c2d725.jpg
INFO: [ app_init ] --START--
INFO: Run Behavior\BuildLiteBehavior [ RunTime:0.000024s ]
INFO: [ app_init ] --END-- [ RunTime:0.000363s ]

[ 2016-05-23T17:58:29+08:00 ] 127.0.0.1 /index.php/index/content.html
INFO: [ app_init ] --START--
INFO: Run Behavior\BuildLiteBehavior [ RunTime:0.000036s ]
INFO: [ app_init ] --END-- [ RunTime:0.000484s ]
INFO: [ app_begin ] --START--
INFO: Run Behavior\ReadHtmlCacheBehavior [ RunTime:0.000556s ]
INFO: [ app_begin ] --END-- [ RunTime:0.000694s ]
SQL: SHOW COLUMNS FROM `tp_menu_admin` [ RunTime:0.0024s ]
SQL: SELECT * FROM `tp_menu_admin` WHERE `status` = 1 ORDER BY sort asc  [ RunTime:0.0004s ]
SQL: SHOW COLUMNS FROM `tp_admin` [ RunTime:0.0029s ]
SQL: SELECT * FROM `tp_admin` WHERE `account` = 'admin' LIMIT 1   [ RunTime:0.0003s ]
INFO: [ view_parse ] --START--
INFO: [ template_filter ] --START--
INFO: Run Behavior\ContentReplaceBehavior [ RunTime:0.000187s ]
INFO: [ template_filter ] --END-- [ RunTime:0.000381s ]
INFO: Run Behavior\ParseTemplateBehavior [ RunTime:0.010443s ]
INFO: [ view_parse ] --END-- [ RunTime:0.010589s ]
INFO: [ view_filter ] --START--
INFO: Run Behavior\WriteHtmlCacheBehavior [ RunTime:0.000353s ]
INFO: [ view_filter ] --END-- [ RunTime:0.000483s ]
INFO: [ app_end ] --START--
INFO: Run Behavior\ShowPageTraceBehavior [ RunTime:0.000687s ]
INFO: [ app_end ] --END-- [ RunTime:0.000860s ]

[ 2016-05-23T17:58:31+08:00 ] 127.0.0.1 /index.php/talk/index.html
INFO: [ app_init ] --START--
INFO: Run Behavior\BuildLiteBehavior [ RunTime:0.000022s ]
INFO: [ app_init ] --END-- [ RunTime:0.000341s ]
INFO: [ app_begin ] --START--
INFO: Run Behavior\ReadHtmlCacheBehavior [ RunTime:0.000384s ]
INFO: [ app_begin ] --END-- [ RunTime:0.000484s ]
SQL: SHOW COLUMNS FROM `tp_menu_admin` [ RunTime:0.0023s ]
SQL: SELECT * FROM `tp_menu_admin` WHERE `status` = 1 ORDER BY sort asc  [ RunTime:0.0004s ]
SQL: SHOW COLUMNS FROM `tp_admin` [ RunTime:0.0020s ]
SQL: SELECT * FROM `tp_admin` WHERE `account` = 'admin' LIMIT 1   [ RunTime:0.0002s ]
SQL: SHOW COLUMNS FROM `tp_talkgroup` [ RunTime:0.0019s ]
SQL: SELECT COUNT(*) AS tp_count FROM `tp_talkgroup` LIMIT 1   [ RunTime:0.0001s ]
ERR: Think\Model:Getlist方法不存在！

[ 2016-05-23T17:59:04+08:00 ] 127.0.0.1 /index.php/talk/index.html
INFO: [ app_init ] --START--
INFO: Run Behavior\BuildLiteBehavior [ RunTime:0.000023s ]
INFO: [ app_init ] --END-- [ RunTime:0.000324s ]
INFO: [ app_begin ] --START--
INFO: Run Behavior\ReadHtmlCacheBehavior [ RunTime:0.000307s ]
INFO: [ app_begin ] --END-- [ RunTime:0.000406s ]
SQL: SHOW COLUMNS FROM `tp_menu_admin` [ RunTime:0.0022s ]
SQL: SELECT * FROM `tp_menu_admin` WHERE `status` = 1 ORDER BY sort asc  [ RunTime:0.0004s ]
SQL: SHOW COLUMNS FROM `tp_admin` [ RunTime:0.0026s ]
SQL: SELECT * FROM `tp_admin` WHERE `account` = 'admin' LIMIT 1   [ RunTime:0.0003s ]
SQL: SHOW COLUMNS FROM `tp_talkgroup` [ RunTime:0.0021s ]
SQL: SELECT COUNT(*) AS tp_count FROM `tp_talkgroup` LIMIT 1   [ RunTime:0.0002s ]
ERR: Think\Model:getlist方法不存在！

[ 2016-05-23T17:59:05+08:00 ] 127.0.0.1 /index.php/talk/index.html
INFO: [ app_init ] --START--
INFO: Run Behavior\BuildLiteBehavior [ RunTime:0.000022s ]
INFO: [ app_init ] --END-- [ RunTime:0.000326s ]
INFO: [ app_begin ] --START--
INFO: Run Behavior\ReadHtmlCacheBehavior [ RunTime:0.000308s ]
INFO: [ app_begin ] --END-- [ RunTime:0.000407s ]
SQL: SHOW COLUMNS FROM `tp_menu_admin` [ RunTime:0.0022s ]
SQL: SELECT * FROM `tp_menu_admin` WHERE `status` = 1 ORDER BY sort asc  [ RunTime:0.0004s ]
SQL: SHOW COLUMNS FROM `tp_admin` [ RunTime:0.0021s ]
SQL: SELECT * FROM `tp_admin` WHERE `account` = 'admin' LIMIT 1   [ RunTime:0.0002s ]
SQL: SHOW COLUMNS FROM `tp_talkgroup` [ RunTime:0.0020s ]
SQL: SELECT COUNT(*) AS tp_count FROM `tp_talkgroup` LIMIT 1   [ RunTime:0.0002s ]
ERR: Think\Model:getlist方法不存在！

[ 2016-05-23T17:59:05+08:00 ] 127.0.0.1 /index.php/talk/index.html
INFO: [ app_init ] --START--
INFO: Run Behavior\BuildLiteBehavior [ RunTime:0.000022s ]
INFO: [ app_init ] --END-- [ RunTime:0.000319s ]
INFO: [ app_begin ] --START--
INFO: Run Behavior\ReadHtmlCacheBehavior [ RunTime:0.000331s ]
INFO: [ app_begin ] --END-- [ RunTime:0.000437s ]
SQL: SHOW COLUMNS FROM `tp_menu_admin` [ RunTime:0.0022s ]
SQL: SELECT * FROM `tp_menu_admin` WHERE `status` = 1 ORDER BY sort asc  [ RunTime:0.0004s ]
SQL: SHOW COLUMNS FROM `tp_admin` [ RunTime:0.0021s ]
SQL: SELECT * FROM `tp_admin` WHERE `account` = 'admin' LIMIT 1   [ RunTime:0.0002s ]
SQL: SHOW COLUMNS FROM `tp_talkgroup` [ RunTime:0.0021s ]
SQL: SELECT COUNT(*) AS tp_count FROM `tp_talkgroup` LIMIT 1   [ RunTime:0.0002s ]
ERR: Think\Model:getlist方法不存在！

[ 2016-05-23T18:00:19+08:00 ] 127.0.0.1 /index.php/talk/index.html
INFO: [ app_init ] --START--
INFO: Run Behavior\BuildLiteBehavior [ RunTime:0.000022s ]
INFO: [ app_init ] --END-- [ RunTime:0.000344s ]
INFO: [ app_begin ] --START--
INFO: Run Behavior\ReadHtmlCacheBehavior [ RunTime:0.000306s ]
INFO: [ app_begin ] --END-- [ RunTime:0.000405s ]
SQL: SHOW COLUMNS FROM `tp_menu_admin` [ RunTime:0.0023s ]
SQL: SELECT * FROM `tp_menu_admin` WHERE `status` = 1 ORDER BY sort asc  [ RunTime:0.0005s ]
SQL: SHOW COLUMNS FROM `tp_admin` [ RunTime:0.0023s ]
SQL: SELECT * FROM `tp_admin` WHERE `account` = 'admin' LIMIT 1   [ RunTime:0.0002s ]
SQL: SHOW COLUMNS FROM `tp_talkgroup` [ RunTime:0.0021s ]
SQL: SELECT COUNT(*) AS tp_count FROM `tp_talkgroup` LIMIT 1   [ RunTime:0.0002s ]
ERR: Think\Model:getlist方法不存在！

[ 2016-05-23T18:00:19+08:00 ] 127.0.0.1 /index.php/talk/index.html
INFO: [ app_init ] --START--
INFO: Run Behavior\BuildLiteBehavior [ RunTime:0.000021s ]
INFO: [ app_init ] --END-- [ RunTime:0.000298s ]
INFO: [ app_begin ] --START--
INFO: Run Behavior\ReadHtmlCacheBehavior [ RunTime:0.000301s ]
INFO: [ app_begin ] --END-- [ RunTime:0.000408s ]
SQL: SHOW COLUMNS FROM `tp_menu_admin` [ RunTime:0.0022s ]
SQL: SELECT * FROM `tp_menu_admin` WHERE `status` = 1 ORDER BY sort asc  [ RunTime:0.0004s ]
SQL: SHOW COLUMNS FROM `tp_admin` [ RunTime:0.0022s ]
SQL: SELECT * FROM `tp_admin` WHERE `account` = 'admin' LIMIT 1   [ RunTime:0.0002s ]
SQL: SHOW COLUMNS FROM `tp_talkgroup` [ RunTime:0.0021s ]
SQL: SELECT COUNT(*) AS tp_count FROM `tp_talkgroup` LIMIT 1   [ RunTime:0.0002s ]
ERR: Think\Model:getlist方法不存在！

[ 2016-05-23T18:00:19+08:00 ] 127.0.0.1 /index.php/talk/index.html
INFO: [ app_init ] --START--
INFO: Run Behavior\BuildLiteBehavior [ RunTime:0.000022s ]
INFO: [ app_init ] --END-- [ RunTime:0.000303s ]
INFO: [ app_begin ] --START--
INFO: Run Behavior\ReadHtmlCacheBehavior [ RunTime:0.000302s ]
INFO: [ app_begin ] --END-- [ RunTime:0.000402s ]
SQL: SHOW COLUMNS FROM `tp_menu_admin` [ RunTime:0.0022s ]
SQL: SELECT * FROM `tp_menu_admin` WHERE `status` = 1 ORDER BY sort asc  [ RunTime:0.0004s ]
SQL: SHOW COLUMNS FROM `tp_admin` [ RunTime:0.0022s ]
SQL: SELECT * FROM `tp_admin` WHERE `account` = 'admin' LIMIT 1   [ RunTime:0.0002s ]
SQL: SHOW COLUMNS FROM `tp_talkgroup` [ RunTime:0.0021s ]
SQL: SELECT COUNT(*) AS tp_count FROM `tp_talkgroup` LIMIT 1   [ RunTime:0.0002s ]
ERR: Think\Model:getlist方法不存在！

[ 2016-05-23T18:00:19+08:00 ] 127.0.0.1 /index.php/talk/index.html
INFO: [ app_init ] --START--
INFO: Run Behavior\BuildLiteBehavior [ RunTime:0.000021s ]
INFO: [ app_init ] --END-- [ RunTime:0.000303s ]
INFO: [ app_begin ] --START--
INFO: Run Behavior\ReadHtmlCacheBehavior [ RunTime:0.000304s ]
INFO: [ app_begin ] --END-- [ RunTime:0.000407s ]
SQL: SHOW COLUMNS FROM `tp_menu_admin` [ RunTime:0.0023s ]
SQL: SELECT * FROM `tp_menu_admin` WHERE `status` = 1 ORDER BY sort asc  [ RunTime:0.0004s ]
SQL: SHOW COLUMNS FROM `tp_admin` [ RunTime:0.0023s ]
SQL: SELECT * FROM `tp_admin` WHERE `account` = 'admin' LIMIT 1   [ RunTime:0.0002s ]
SQL: SHOW COLUMNS FROM `tp_talkgroup` [ RunTime:0.0021s ]
SQL: SELECT COUNT(*) AS tp_count FROM `tp_talkgroup` LIMIT 1   [ RunTime:0.0002s ]
ERR: Think\Model:getlist方法不存在！

[ 2016-05-23T18:00:19+08:00 ] 127.0.0.1 /index.php/talk/index.html
INFO: [ app_init ] --START--
INFO: Run Behavior\BuildLiteBehavior [ RunTime:0.000022s ]
INFO: [ app_init ] --END-- [ RunTime:0.000301s ]
INFO: [ app_begin ] --START--
INFO: Run Behavior\ReadHtmlCacheBehavior [ RunTime:0.000305s ]
INFO: [ app_begin ] --END-- [ RunTime:0.000409s ]
SQL: SHOW COLUMNS FROM `tp_menu_admin` [ RunTime:0.0022s ]
SQL: SELECT * FROM `tp_menu_admin` WHERE `status` = 1 ORDER BY sort asc  [ RunTime:0.0004s ]
SQL: SHOW COLUMNS FROM `tp_admin` [ RunTime:0.0022s ]
SQL: SELECT * FROM `tp_admin` WHERE `account` = 'admin' LIMIT 1   [ RunTime:0.0002s ]
SQL: SHOW COLUMNS FROM `tp_talkgroup` [ RunTime:0.0022s ]
SQL: SELECT COUNT(*) AS tp_count FROM `tp_talkgroup` LIMIT 1   [ RunTime:0.0002s ]
ERR: Think\Model:getlist方法不存在！

[ 2016-05-23T18:00:19+08:00 ] 127.0.0.1 /index.php/talk/index.html
INFO: [ app_init ] --START--
INFO: Run Behavior\BuildLiteBehavior [ RunTime:0.000021s ]
INFO: [ app_init ] --END-- [ RunTime:0.000294s ]
INFO: [ app_begin ] --START--
INFO: Run Behavior\ReadHtmlCacheBehavior [ RunTime:0.000306s ]
INFO: [ app_begin ] --END-- [ RunTime:0.000407s ]
SQL: SHOW COLUMNS FROM `tp_menu_admin` [ RunTime:0.0022s ]
SQL: SELECT * FROM `tp_menu_admin` WHERE `status` = 1 ORDER BY sort asc  [ RunTime:0.0004s ]
SQL: SHOW COLUMNS FROM `tp_admin` [ RunTime:0.0021s ]
SQL: SELECT * FROM `tp_admin` WHERE `account` = 'admin' LIMIT 1   [ RunTime:0.0002s ]
SQL: SHOW COLUMNS FROM `tp_talkgroup` [ RunTime:0.0021s ]
SQL: SELECT COUNT(*) AS tp_count FROM `tp_talkgroup` LIMIT 1   [ RunTime:0.0002s ]
ERR: Think\Model:getlist方法不存在！

[ 2016-05-23T18:01:09+08:00 ] 127.0.0.1 /index.php/talk/index.html
INFO: [ app_init ] --START--
INFO: Run Behavior\BuildLiteBehavior [ RunTime:0.000023s ]
INFO: [ app_init ] --END-- [ RunTime:0.000342s ]
INFO: [ app_begin ] --START--
INFO: Run Behavior\ReadHtmlCacheBehavior [ RunTime:0.000377s ]
INFO: [ app_begin ] --END-- [ RunTime:0.000478s ]
SQL: SHOW COLUMNS FROM `tp_menu_admin` [ RunTime:0.0021s ]
SQL: SELECT * FROM `tp_menu_admin` WHERE `status` = 1 ORDER BY sort asc  [ RunTime:0.0004s ]
SQL: SHOW COLUMNS FROM `tp_admin` [ RunTime:0.0023s ]
SQL: SELECT * FROM `tp_admin` WHERE `account` = 'admin' LIMIT 1   [ RunTime:0.0002s ]
SQL: SHOW COLUMNS FROM `tp_talkgroup` [ RunTime:0.0018s ]
SQL: SELECT COUNT(*) AS tp_count FROM `tp_talkgroup` LIMIT 1   [ RunTime:0.0002s ]
ERR: Think\Model:getlist方法不存在！

[ 2016-05-23T18:01:09+08:00 ] 127.0.0.1 /index.php/talk/index.html
INFO: [ app_init ] --START--
INFO: Run Behavior\BuildLiteBehavior [ RunTime:0.000022s ]
INFO: [ app_init ] --END-- [ RunTime:0.000299s ]
INFO: [ app_begin ] --START--
INFO: Run Behavior\ReadHtmlCacheBehavior [ RunTime:0.000303s ]
INFO: [ app_begin ] --END-- [ RunTime:0.000429s ]
SQL: SHOW COLUMNS FROM `tp_menu_admin` [ RunTime:0.0026s ]
SQL: SELECT * FROM `tp_menu_admin` WHERE `status` = 1 ORDER BY sort asc  [ RunTime:0.0005s ]
SQL: SHOW COLUMNS FROM `tp_admin` [ RunTime:0.0023s ]
SQL: SELECT * FROM `tp_admin` WHERE `account` = 'admin' LIMIT 1   [ RunTime:0.0002s ]
SQL: SHOW COLUMNS FROM `tp_talkgroup` [ RunTime:0.0019s ]
SQL: SELECT COUNT(*) AS tp_count FROM `tp_talkgroup` LIMIT 1   [ RunTime:0.0002s ]
ERR: Think\Model:getlist方法不存在！

[ 2016-05-23T18:01:09+08:00 ] 127.0.0.1 /index.php/talk/index.html
INFO: [ app_init ] --START--
INFO: Run Behavior\BuildLiteBehavior [ RunTime:0.000021s ]
INFO: [ app_init ] --END-- [ RunTime:0.000299s ]
INFO: [ app_begin ] --START--
INFO: Run Behavior\ReadHtmlCacheBehavior [ RunTime:0.000299s ]
INFO: [ app_begin ] --END-- [ RunTime:0.000398s ]
SQL: SHOW COLUMNS FROM `tp_menu_admin` [ RunTime:0.0023s ]
SQL: SELECT * FROM `tp_menu_admin` WHERE `status` = 1 ORDER BY sort asc  [ RunTime:0.0004s ]
SQL: SHOW COLUMNS FROM `tp_admin` [ RunTime:0.0021s ]
SQL: SELECT * FROM `tp_admin` WHERE `account` = 'admin' LIMIT 1   [ RunTime:0.0002s ]
SQL: SHOW COLUMNS FROM `tp_talkgroup` [ RunTime:0.0021s ]
SQL: SELECT COUNT(*) AS tp_count FROM `tp_talkgroup` LIMIT 1   [ RunTime:0.0002s ]
ERR: Think\Model:getlist方法不存在！

[ 2016-05-23T18:01:10+08:00 ] 127.0.0.1 /index.php/talk/index.html
INFO: [ app_init ] --START--
INFO: Run Behavior\BuildLiteBehavior [ RunTime:0.000026s ]
INFO: [ app_init ] --END-- [ RunTime:0.000330s ]
INFO: [ app_begin ] --START--
INFO: Run Behavior\ReadHtmlCacheBehavior [ RunTime:0.000328s ]
INFO: [ app_begin ] --END-- [ RunTime:0.000427s ]
SQL: SHOW COLUMNS FROM `tp_menu_admin` [ RunTime:0.0024s ]
SQL: SELECT * FROM `tp_menu_admin` WHERE `status` = 1 ORDER BY sort asc  [ RunTime:0.0005s ]
SQL: SHOW COLUMNS FROM `tp_admin` [ RunTime:0.0021s ]
SQL: SELECT * FROM `tp_admin` WHERE `account` = 'admin' LIMIT 1   [ RunTime:0.0002s ]
SQL: SHOW COLUMNS FROM `tp_talkgroup` [ RunTime:0.0020s ]
SQL: SELECT COUNT(*) AS tp_count FROM `tp_talkgroup` LIMIT 1   [ RunTime:0.0002s ]
ERR: Think\Model:getlist方法不存在！

[ 2016-05-23T18:01:10+08:00 ] 127.0.0.1 /index.php/talk/index.html
INFO: [ app_init ] --START--
INFO: Run Behavior\BuildLiteBehavior [ RunTime:0.000021s ]
INFO: [ app_init ] --END-- [ RunTime:0.000292s ]
INFO: [ app_begin ] --START--
INFO: Run Behavior\ReadHtmlCacheBehavior [ RunTime:0.000402s ]
INFO: [ app_begin ] --END-- [ RunTime:0.000531s ]
SQL: SHOW COLUMNS FROM `tp_menu_admin` [ RunTime:0.0021s ]
SQL: SELECT * FROM `tp_menu_admin` WHERE `status` = 1 ORDER BY sort asc  [ RunTime:0.0004s ]
SQL: SHOW COLUMNS FROM `tp_admin` [ RunTime:0.0021s ]
SQL: SELECT * FROM `tp_admin` WHERE `account` = 'admin' LIMIT 1   [ RunTime:0.0002s ]
SQL: SHOW COLUMNS FROM `tp_talkgroup` [ RunTime:0.0020s ]
SQL: SELECT COUNT(*) AS tp_count FROM `tp_talkgroup` LIMIT 1   [ RunTime:0.0002s ]
ERR: Think\Model:getlist方法不存在！

